2024-12-09 03:35:05,249 - INFO: Program started
2024-12-09 03:37:29,997 - ERROR: $PTRO.JK: possibly delisted; no price data found  (1d 1926-01-03 -> 2024-12-09)
2024-12-09 03:37:30,631 - ERROR: Failed to get ticker 'TECH.JK' reason: Expecting value: line 1 column 1 (char 0)
2024-12-09 03:37:30,632 - ERROR: $TECH.JK: possibly delisted; no timezone found
2024-12-09 03:37:31,178 - ERROR: Failed to get ticker 'REAL.JK' reason: Expecting value: line 1 column 1 (char 0)
2024-12-09 03:37:31,178 - ERROR: $REAL.JK: possibly delisted; no timezone found
2024-12-09 03:37:31,725 - ERROR: Failed to get ticker 'SEMA.JK' reason: Expecting value: line 1 column 1 (char 0)
2024-12-09 03:37:31,726 - ERROR: $SEMA.JK: possibly delisted; no timezone found
2024-12-09 03:37:32,276 - ERROR: Failed to get ticker 'SMGR.JK' reason: Expecting value: line 1 column 1 (char 0)
2024-12-09 03:37:32,277 - ERROR: $SMGR.JK: possibly delisted; no timezone found
2024-12-09 03:37:32,867 - ERROR: Failed to get ticker 'WICO.JK' reason: Expecting value: line 1 column 1 (char 0)
2024-12-09 03:37:32,867 - ERROR: $WICO.JK: possibly delisted; no timezone found
2024-12-09 03:37:33,367 - ERROR: Failed to get ticker 'WMUU.JK' reason: Expecting value: line 1 column 1 (char 0)
2024-12-09 03:37:33,368 - ERROR: $WMUU.JK: possibly delisted; no timezone found
2024-12-09 03:37:33,942 - ERROR: Failed to get ticker 'BAYU.JK' reason: Expecting value: line 1 column 1 (char 0)
2024-12-09 03:37:33,943 - ERROR: $BAYU.JK: possibly delisted; no timezone found
2024-12-09 03:37:34,669 - ERROR: Failed to get ticker 'BBRM.JK' reason: Expecting value: line 1 column 1 (char 0)
2024-12-09 03:37:34,669 - ERROR: $BBRM.JK: possibly delisted; no timezone found
2024-12-09 03:37:35,389 - ERROR: Failed to get ticker 'MCOL.JK' reason: Expecting value: line 1 column 1 (char 0)
2024-12-09 03:37:35,390 - ERROR: $MCOL.JK: possibly delisted; no timezone found
2024-12-09 03:37:36,161 - ERROR: Failed to get ticker 'TRIM.JK' reason: Expecting value: line 1 column 1 (char 0)
2024-12-09 03:37:36,162 - ERROR: $TRIM.JK: possibly delisted; no timezone found
2024-12-09 03:37:36,738 - ERROR: Failed to get ticker 'NUSA.JK' reason: Expecting value: line 1 column 1 (char 0)
2024-12-09 03:37:36,739 - ERROR: $NUSA.JK: possibly delisted; no timezone found
2024-12-09 03:37:37,344 - ERROR: Failed to get ticker 'TLKM.JK' reason: Expecting value: line 1 column 1 (char 0)
2024-12-09 03:37:37,344 - ERROR: $TLKM.JK: possibly delisted; no timezone found
2024-12-09 03:37:37,893 - ERROR: Failed to get ticker 'WOWS.JK' reason: Expecting value: line 1 column 1 (char 0)
2024-12-09 03:37:37,894 - ERROR: $WOWS.JK: possibly delisted; no timezone found
2024-12-09 03:37:38,593 - ERROR: Failed to get ticker 'DILD.JK' reason: Expecting value: line 1 column 1 (char 0)
2024-12-09 03:37:38,594 - ERROR: $DILD.JK: possibly delisted; no timezone found
2024-12-09 03:37:39,167 - ERROR: Failed to get ticker 'PTDU.JK' reason: Expecting value: line 1 column 1 (char 0)
2024-12-09 03:37:39,168 - ERROR: $PTDU.JK: possibly delisted; no timezone found
2024-12-09 03:37:39,750 - ERROR: Failed to get ticker 'SMRU.JK' reason: Expecting value: line 1 column 1 (char 0)
2024-12-09 03:37:39,750 - ERROR: $SMRU.JK: possibly delisted; no timezone found
2024-12-09 03:37:40,461 - ERROR: Failed to get ticker 'NZIA.JK' reason: Expecting value: line 1 column 1 (char 0)
2024-12-09 03:37:40,461 - ERROR: $NZIA.JK: possibly delisted; no timezone found
2024-12-09 03:37:41,069 - ERROR: Failed to get ticker 'SOHO.JK' reason: Expecting value: line 1 column 1 (char 0)
2024-12-09 03:37:41,069 - ERROR: $SOHO.JK: possibly delisted; no timezone found
2024-12-09 03:37:41,612 - ERROR: Failed to get ticker 'CAKK.JK' reason: Expecting value: line 1 column 1 (char 0)
2024-12-09 03:37:41,612 - ERROR: $CAKK.JK: possibly delisted; no timezone found
2024-12-09 03:37:42,179 - ERROR: Failed to get ticker 'OASA.JK' reason: Expecting value: line 1 column 1 (char 0)
2024-12-09 03:37:42,180 - ERROR: $OASA.JK: possibly delisted; no timezone found
2024-12-09 03:37:43,103 - ERROR: Failed to get ticker 'SMMA.JK' reason: Expecting value: line 1 column 1 (char 0)
2024-12-09 03:37:43,103 - ERROR: $SMMA.JK: possibly delisted; no timezone found
2024-12-09 03:37:43,803 - ERROR: Failed to get ticker 'POLU.JK' reason: Expecting value: line 1 column 1 (char 0)
2024-12-09 03:37:43,804 - ERROR: $POLU.JK: possibly delisted; no timezone found
2024-12-09 03:37:44,825 - ERROR: Failed to get ticker 'TRST.JK' reason: Expecting value: line 1 column 1 (char 0)
2024-12-09 03:37:44,826 - ERROR: $TRST.JK: possibly delisted; no timezone found
2024-12-09 03:37:45,363 - ERROR: Failed to get ticker 'WEGE.JK' reason: Expecting value: line 1 column 1 (char 0)
2024-12-09 03:37:45,363 - ERROR: $WEGE.JK: possibly delisted; no timezone found
2024-12-09 03:37:45,921 - ERROR: Failed to get ticker 'BBNI.JK' reason: Expecting value: line 1 column 1 (char 0)
2024-12-09 03:37:45,921 - ERROR: $BBNI.JK: possibly delisted; no timezone found
2024-12-09 03:37:46,490 - ERROR: Failed to get ticker 'MIDI.JK' reason: Expecting value: line 1 column 1 (char 0)
2024-12-09 03:37:46,490 - ERROR: $MIDI.JK: possibly delisted; no timezone found
2024-12-09 03:37:47,231 - ERROR: Failed to get ticker 'MYRX.JK' reason: Expecting value: line 1 column 1 (char 0)
2024-12-09 03:37:47,231 - ERROR: $MYRX.JK: possibly delisted; no timezone found
2024-12-09 03:37:47,810 - ERROR: Failed to get ticker 'PRDA.JK' reason: Expecting value: line 1 column 1 (char 0)
2024-12-09 03:37:47,810 - ERROR: $PRDA.JK: possibly delisted; no timezone found
2024-12-09 03:37:48,417 - ERROR: Failed to get ticker 'SMSM.JK' reason: Expecting value: line 1 column 1 (char 0)
2024-12-09 03:37:48,417 - ERROR: $SMSM.JK: possibly delisted; no timezone found
2024-12-09 03:37:49,010 - ERROR: Failed to get ticker 'AKSI.JK' reason: Expecting value: line 1 column 1 (char 0)
2024-12-09 03:37:49,011 - ERROR: $AKSI.JK: possibly delisted; no timezone found
2024-12-09 03:37:49,555 - ERROR: Failed to get ticker 'SSIA.JK' reason: Expecting value: line 1 column 1 (char 0)
2024-12-09 03:37:49,556 - ERROR: $SSIA.JK: possibly delisted; no timezone found
2024-12-09 03:37:50,245 - ERROR: Failed to get ticker 'TGRA.JK' reason: Expecting value: line 1 column 1 (char 0)
2024-12-09 03:37:50,246 - ERROR: $TGRA.JK: possibly delisted; no timezone found
2024-12-09 03:37:50,787 - ERROR: Failed to get ticker 'TRUK.JK' reason: Expecting value: line 1 column 1 (char 0)
2024-12-09 03:37:50,787 - ERROR: $TRUK.JK: possibly delisted; no timezone found
2024-12-09 03:37:51,371 - ERROR: Failed to get ticker 'IKAI.JK' reason: Expecting value: line 1 column 1 (char 0)
2024-12-09 03:37:51,372 - ERROR: $IKAI.JK: possibly delisted; no timezone found
2024-12-09 03:37:52,045 - ERROR: Failed to get ticker 'TFCO.JK' reason: Expecting value: line 1 column 1 (char 0)
2024-12-09 03:37:52,045 - ERROR: $TFCO.JK: possibly delisted; no timezone found
2024-12-09 03:37:52,553 - ERROR: Failed to get ticker 'UANG.JK' reason: Expecting value: line 1 column 1 (char 0)
2024-12-09 03:37:52,553 - ERROR: $UANG.JK: possibly delisted; no timezone found
2024-12-09 03:37:53,362 - ERROR: Failed to get ticker 'DMAS.JK' reason: Expecting value: line 1 column 1 (char 0)
2024-12-09 03:37:53,362 - ERROR: $DMAS.JK: possibly delisted; no timezone found
2024-12-09 03:37:53,931 - ERROR: Failed to get ticker 'LFLO.JK' reason: Expecting value: line 1 column 1 (char 0)
2024-12-09 03:37:53,932 - ERROR: $LFLO.JK: possibly delisted; no timezone found
2024-12-09 03:37:54,492 - ERROR: Failed to get ticker 'RALS.JK' reason: Expecting value: line 1 column 1 (char 0)
2024-12-09 03:37:54,492 - ERROR: $RALS.JK: possibly delisted; no timezone found
2024-12-09 03:37:55,057 - ERROR: Failed to get ticker 'WOOD.JK' reason: Expecting value: line 1 column 1 (char 0)
2024-12-09 03:37:55,058 - ERROR: $WOOD.JK: possibly delisted; no timezone found
2024-12-09 03:37:55,626 - ERROR: Failed to get ticker 'URBN.JK' reason: Expecting value: line 1 column 1 (char 0)
2024-12-09 03:37:55,627 - ERROR: $URBN.JK: possibly delisted; no timezone found
2024-12-09 03:37:56,300 - ERROR: Failed to get ticker 'VAST.JK' reason: Expecting value: line 1 column 1 (char 0)
2024-12-09 03:37:56,300 - ERROR: $VAST.JK: possibly delisted; no timezone found
2024-12-09 03:37:56,866 - ERROR: Failed to get ticker 'VOKS.JK' reason: Expecting value: line 1 column 1 (char 0)
2024-12-09 03:37:56,866 - ERROR: $VOKS.JK: possibly delisted; no timezone found
2024-12-09 03:37:57,877 - ERROR: Failed to get ticker 'VRNA.JK' reason: Expecting value: line 1 column 1 (char 0)
2024-12-09 03:37:57,878 - ERROR: $VRNA.JK: possibly delisted; no timezone found
2024-12-09 03:37:58,517 - ERROR: Failed to get ticker 'IKPM.JK' reason: Expecting value: line 1 column 1 (char 0)
2024-12-09 03:37:58,517 - ERROR: $IKPM.JK: possibly delisted; no timezone found
2024-12-09 03:37:59,139 - ERROR: Failed to get ticker 'WEHA.JK' reason: Expecting value: line 1 column 1 (char 0)
2024-12-09 03:37:59,139 - ERROR: $WEHA.JK: possibly delisted; no timezone found
2024-12-09 03:37:59,677 - ERROR: Failed to get ticker 'DNET.JK' reason: Expecting value: line 1 column 1 (char 0)
2024-12-09 03:37:59,678 - ERROR: $DNET.JK: possibly delisted; no timezone found
2024-12-09 03:38:00,235 - ERROR: Failed to get ticker 'WGSH.JK' reason: Expecting value: line 1 column 1 (char 0)
2024-12-09 03:38:00,235 - ERROR: $WGSH.JK: possibly delisted; no timezone found
2024-12-09 03:38:01,157 - ERROR: Failed to get ticker 'WIIM.JK' reason: Expecting value: line 1 column 1 (char 0)
2024-12-09 03:38:01,157 - ERROR: $WIIM.JK: possibly delisted; no timezone found
2024-12-09 03:38:02,002 - ERROR: Failed to get ticker 'YELO.JK' reason: Expecting value: line 1 column 1 (char 0)
2024-12-09 03:38:02,003 - ERROR: $YELO.JK: possibly delisted; no timezone found
2024-12-09 03:38:02,721 - ERROR: Failed to get ticker 'ECII.JK' reason: Expecting value: line 1 column 1 (char 0)
2024-12-09 03:38:02,721 - ERROR: $ECII.JK: possibly delisted; no timezone found
2024-12-09 03:38:03,691 - ERROR: Failed to get ticker 'WSBP.JK' reason: Expecting value: line 1 column 1 (char 0)
2024-12-09 03:38:03,692 - ERROR: $WSBP.JK: possibly delisted; no timezone found
2024-12-09 03:38:04,202 - ERROR: Failed to get ticker 'WSKT.JK' reason: Expecting value: line 1 column 1 (char 0)
2024-12-09 03:38:04,202 - ERROR: $WSKT.JK: possibly delisted; no timezone found
2024-12-09 03:38:04,729 - ERROR: Failed to get ticker 'IPCC.JK' reason: Expecting value: line 1 column 1 (char 0)
2024-12-09 03:38:04,730 - ERROR: $IPCC.JK: possibly delisted; no timezone found
2024-12-09 03:38:05,262 - ERROR: Failed to get ticker 'ZONE.JK' reason: Expecting value: line 1 column 1 (char 0)
2024-12-09 03:38:05,263 - ERROR: $ZONE.JK: possibly delisted; no timezone found
2024-12-09 03:38:05,819 - ERROR: Failed to get ticker 'MBSS.JK' reason: Expecting value: line 1 column 1 (char 0)
2024-12-09 03:38:05,819 - ERROR: $MBSS.JK: possibly delisted; no timezone found
2024-12-09 03:38:06,320 - ERROR: Failed to get ticker 'GEMA.JK' reason: Expecting value: line 1 column 1 (char 0)
2024-12-09 03:38:06,320 - ERROR: $GEMA.JK: possibly delisted; no timezone found
2024-12-09 03:38:06,841 - ERROR: Failed to get ticker 'HDFA.JK' reason: Expecting value: line 1 column 1 (char 0)
2024-12-09 03:38:06,842 - ERROR: $HDFA.JK: possibly delisted; no timezone found
2024-12-09 03:38:07,699 - ERROR: Failed to get ticker 'MLPL.JK' reason: Expecting value: line 1 column 1 (char 0)
2024-12-09 03:38:07,700 - ERROR: $MLPL.JK: possibly delisted; no timezone found
2024-12-09 03:38:08,312 - ERROR: Failed to get ticker 'INPC.JK' reason: Expecting value: line 1 column 1 (char 0)
2024-12-09 03:38:08,313 - ERROR: $INPC.JK: possibly delisted; no timezone found
2024-12-09 03:38:08,874 - ERROR: Failed to get ticker 'KEEN.JK' reason: Expecting value: line 1 column 1 (char 0)
2024-12-09 03:38:08,875 - ERROR: $KEEN.JK: possibly delisted; no timezone found
2024-12-09 03:38:09,454 - ERROR: Failed to get ticker 'MPOW.JK' reason: Expecting value: line 1 column 1 (char 0)
2024-12-09 03:38:09,455 - ERROR: $MPOW.JK: possibly delisted; no timezone found
2024-12-09 03:38:10,086 - ERROR: Failed to get ticker 'MTPS.JK' reason: Expecting value: line 1 column 1 (char 0)
2024-12-09 03:38:10,086 - ERROR: $MTPS.JK: possibly delisted; no timezone found
2024-12-09 03:38:10,942 - ERROR: Failed to get ticker 'INDO.JK' reason: Expecting value: line 1 column 1 (char 0)
2024-12-09 03:38:10,942 - ERROR: $INDO.JK: possibly delisted; no timezone found
2024-12-09 03:38:11,580 - ERROR: Failed to get ticker 'JRPT.JK' reason: Expecting value: line 1 column 1 (char 0)
2024-12-09 03:38:11,580 - ERROR: $JRPT.JK: possibly delisted; no timezone found
2024-12-09 03:38:12,231 - ERROR: Failed to get ticker 'MIKA.JK' reason: Expecting value: line 1 column 1 (char 0)
2024-12-09 03:38:12,232 - ERROR: $MIKA.JK: possibly delisted; no timezone found
2024-12-09 03:38:12,799 - ERROR: Failed to get ticker 'MLPT.JK' reason: Expecting value: line 1 column 1 (char 0)
2024-12-09 03:38:12,799 - ERROR: $MLPT.JK: possibly delisted; no timezone found
2024-12-09 03:38:13,383 - ERROR: Failed to get ticker 'MNCN.JK' reason: Expecting value: line 1 column 1 (char 0)
2024-12-09 03:38:13,384 - ERROR: $MNCN.JK: possibly delisted; no timezone found
2024-12-09 03:38:13,956 - ERROR: Failed to get ticker 'SUPR.JK' reason: Expecting value: line 1 column 1 (char 0)
2024-12-09 03:38:13,956 - ERROR: $SUPR.JK: possibly delisted; no timezone found
2024-12-09 03:38:14,640 - ERROR: Failed to get ticker 'SURE.JK' reason: Expecting value: line 1 column 1 (char 0)
2024-12-09 03:38:14,640 - ERROR: $SURE.JK: possibly delisted; no timezone found
2024-12-09 03:38:15,133 - ERROR: Failed to get ticker 'BFIN.JK' reason: Expecting value: line 1 column 1 (char 0)
2024-12-09 03:38:15,133 - ERROR: $BFIN.JK: possibly delisted; no timezone found
2024-12-09 03:38:15,753 - ERROR: Failed to get ticker 'BNII.JK' reason: Expecting value: line 1 column 1 (char 0)
2024-12-09 03:38:15,754 - ERROR: $BNII.JK: possibly delisted; no timezone found
2024-12-09 03:38:16,386 - ERROR: Failed to get ticker 'DEWA.JK' reason: Expecting value: line 1 column 1 (char 0)
2024-12-09 03:38:16,386 - ERROR: $DEWA.JK: possibly delisted; no timezone found
2024-12-09 03:38:16,918 - ERROR: Failed to get ticker 'DKFT.JK' reason: Expecting value: line 1 column 1 (char 0)
2024-12-09 03:38:16,919 - ERROR: $DKFT.JK: possibly delisted; no timezone found
2024-12-09 03:38:17,527 - ERROR: Failed to get ticker 'DPUM.JK' reason: Expecting value: line 1 column 1 (char 0)
2024-12-09 03:38:17,528 - ERROR: $DPUM.JK: possibly delisted; no timezone found
2024-12-09 03:38:18,117 - ERROR: Failed to get ticker 'IBST.JK' reason: Expecting value: line 1 column 1 (char 0)
2024-12-09 03:38:18,118 - ERROR: $IBST.JK: possibly delisted; no timezone found
2024-12-09 03:38:18,941 - ERROR: Failed to get ticker 'KINO.JK' reason: Expecting value: line 1 column 1 (char 0)
2024-12-09 03:38:18,942 - ERROR: $KINO.JK: possibly delisted; no timezone found
2024-12-09 03:38:19,479 - ERROR: Failed to get ticker 'ELTY.JK' reason: Expecting value: line 1 column 1 (char 0)
2024-12-09 03:38:19,479 - ERROR: $ELTY.JK: possibly delisted; no timezone found
2024-12-09 03:38:20,153 - ERROR: Failed to get ticker 'INCO.JK' reason: Expecting value: line 1 column 1 (char 0)
2024-12-09 03:38:20,153 - ERROR: $INCO.JK: possibly delisted; no timezone found
2024-12-09 03:38:20,828 - ERROR: Failed to get ticker 'SRIL.JK' reason: Expecting value: line 1 column 1 (char 0)
2024-12-09 03:38:20,828 - ERROR: $SRIL.JK: possibly delisted; no timezone found
2024-12-09 03:38:21,336 - ERROR: Failed to get ticker 'GIAA.JK' reason: Expecting value: line 1 column 1 (char 0)
2024-12-09 03:38:21,337 - ERROR: $GIAA.JK: possibly delisted; no timezone found
2024-12-09 03:38:22,064 - ERROR: Failed to get ticker 'GJTL.JK' reason: Expecting value: line 1 column 1 (char 0)
2024-12-09 03:38:22,065 - ERROR: $GJTL.JK: possibly delisted; no timezone found
2024-12-09 03:38:22,649 - ERROR: Failed to get ticker 'HDTX.JK' reason: Expecting value: line 1 column 1 (char 0)
2024-12-09 03:38:22,649 - ERROR: $HDTX.JK: possibly delisted; no timezone found
2024-12-09 03:38:23,173 - ERROR: Failed to get ticker 'ITMA.JK' reason: Expecting value: line 1 column 1 (char 0)
2024-12-09 03:38:23,173 - ERROR: $ITMA.JK: possibly delisted; no timezone found
2024-12-09 03:38:23,703 - ERROR: Failed to get ticker 'JPFA.JK' reason: Expecting value: line 1 column 1 (char 0)
2024-12-09 03:38:23,703 - ERROR: $JPFA.JK: possibly delisted; no timezone found
2024-12-09 03:38:24,322 - ERROR: Failed to get ticker 'KARW.JK' reason: Expecting value: line 1 column 1 (char 0)
2024-12-09 03:38:24,323 - ERROR: $KARW.JK: possibly delisted; no timezone found
2024-12-09 03:38:24,924 - ERROR: Failed to get ticker 'KBLI.JK' reason: Expecting value: line 1 column 1 (char 0)
2024-12-09 03:38:24,924 - ERROR: $KBLI.JK: possibly delisted; no timezone found
2024-12-09 03:38:25,539 - ERROR: Failed to get ticker 'KLBF.JK' reason: Expecting value: line 1 column 1 (char 0)
2024-12-09 03:38:25,540 - ERROR: $KLBF.JK: possibly delisted; no timezone found
2024-12-09 03:38:26,194 - ERROR: Failed to get ticker 'MTDL.JK' reason: Expecting value: line 1 column 1 (char 0)
2024-12-09 03:38:26,194 - ERROR: $MTDL.JK: possibly delisted; no timezone found
2024-12-09 03:38:26,823 - ERROR: Failed to get ticker 'MYTX.JK' reason: Expecting value: line 1 column 1 (char 0)
2024-12-09 03:38:26,823 - ERROR: $MYTX.JK: possibly delisted; no timezone found
2024-12-09 03:38:27,384 - ERROR: Failed to get ticker 'PANS.JK' reason: Expecting value: line 1 column 1 (char 0)
2024-12-09 03:38:27,384 - ERROR: $PANS.JK: possibly delisted; no timezone found
2024-12-09 03:38:28,374 - ERROR: Failed to get ticker 'PBRX.JK' reason: Expecting value: line 1 column 1 (char 0)
2024-12-09 03:38:28,375 - ERROR: $PBRX.JK: possibly delisted; no timezone found
2024-12-09 03:38:29,104 - ERROR: Failed to get ticker 'SAFE.JK' reason: Expecting value: line 1 column 1 (char 0)
2024-12-09 03:38:29,105 - ERROR: $SAFE.JK: possibly delisted; no timezone found
2024-12-09 03:38:29,655 - ERROR: Failed to get ticker 'UCID.JK' reason: Expecting value: line 1 column 1 (char 0)
2024-12-09 03:38:29,656 - ERROR: $UCID.JK: possibly delisted; no timezone found
2024-12-09 03:38:30,280 - ERROR: Failed to get ticker 'UNSP.JK' reason: Expecting value: line 1 column 1 (char 0)
2024-12-09 03:38:30,280 - ERROR: $UNSP.JK: possibly delisted; no timezone found
2024-12-09 03:38:30,809 - ERROR: Failed to get ticker 'EPMT.JK' reason: Expecting value: line 1 column 1 (char 0)
2024-12-09 03:38:30,810 - ERROR: $EPMT.JK: possibly delisted; no timezone found
2024-12-09 03:38:31,495 - ERROR: Failed to get ticker 'ALMI.JK' reason: Expecting value: line 1 column 1 (char 0)
2024-12-09 03:38:31,496 - ERROR: $ALMI.JK: possibly delisted; no timezone found
2024-12-09 03:38:32,718 - ERROR: Failed to get ticker 'ANTM.JK' reason: Expecting value: line 1 column 1 (char 0)
2024-12-09 03:38:32,719 - ERROR: $ANTM.JK: possibly delisted; no timezone found
2024-12-09 03:38:33,333 - ERROR: Failed to get ticker 'BRAM.JK' reason: Expecting value: line 1 column 1 (char 0)
2024-12-09 03:38:33,333 - ERROR: $BRAM.JK: possibly delisted; no timezone found
2024-12-09 03:38:33,887 - ERROR: Failed to get ticker 'BTEK.JK' reason: Expecting value: line 1 column 1 (char 0)
2024-12-09 03:38:33,888 - ERROR: $BTEK.JK: possibly delisted; no timezone found
2024-12-09 03:38:34,423 - ERROR: Failed to get ticker 'TKIM.JK' reason: Expecting value: line 1 column 1 (char 0)
2024-12-09 03:38:34,424 - ERROR: $TKIM.JK: possibly delisted; no timezone found
2024-12-09 03:38:35,209 - ERROR: Failed to get ticker 'RSCH.JK' reason: Expecting value: line 1 column 1 (char 0)
2024-12-09 03:38:35,209 - ERROR: $RSCH.JK: possibly delisted; no timezone found
2024-12-09 03:38:35,819 - ERROR: Failed to get ticker 'TELE.JK' reason: Expecting value: line 1 column 1 (char 0)
2024-12-09 03:38:35,819 - ERROR: $TELE.JK: possibly delisted; no timezone found
2024-12-09 03:38:36,446 - ERROR: Failed to get ticker 'INDF.JK' reason: Expecting value: line 1 column 1 (char 0)
2024-12-09 03:38:36,447 - ERROR: $INDF.JK: possibly delisted; no timezone found
2024-12-09 03:38:37,108 - ERROR: Failed to get ticker 'HOMI.JK' reason: Expecting value: line 1 column 1 (char 0)
2024-12-09 03:38:37,109 - ERROR: $HOMI.JK: possibly delisted; no timezone found
2024-12-09 03:38:37,632 - ERROR: Failed to get ticker 'EXCL.JK' reason: Expecting value: line 1 column 1 (char 0)
2024-12-09 03:38:37,633 - ERROR: $EXCL.JK: possibly delisted; no timezone found
2024-12-09 03:38:38,159 - ERROR: Failed to get ticker 'HOTL.JK' reason: Expecting value: line 1 column 1 (char 0)
2024-12-09 03:38:38,160 - ERROR: $HOTL.JK: possibly delisted; no timezone found
2024-12-09 03:38:39,261 - ERROR: Failed to get ticker 'HAJJ.JK' reason: Expecting value: line 1 column 1 (char 0)
2024-12-09 03:38:39,261 - ERROR: $HAJJ.JK: possibly delisted; no timezone found
2024-12-09 03:38:39,767 - ERROR: Failed to get ticker 'KING.JK' reason: Expecting value: line 1 column 1 (char 0)
2024-12-09 03:38:39,768 - ERROR: $KING.JK: possibly delisted; no timezone found
2024-12-09 03:38:40,474 - ERROR: Failed to get ticker 'MUTU.JK' reason: Expecting value: line 1 column 1 (char 0)
2024-12-09 03:38:40,474 - ERROR: $MUTU.JK: possibly delisted; no timezone found
2024-12-09 03:38:41,090 - ERROR: Failed to get ticker 'ISAP.JK' reason: Expecting value: line 1 column 1 (char 0)
2024-12-09 03:38:41,091 - ERROR: $ISAP.JK: possibly delisted; no timezone found
2024-12-09 03:38:41,617 - ERROR: Failed to get ticker 'GRPM.JK' reason: Expecting value: line 1 column 1 (char 0)
2024-12-09 03:38:41,618 - ERROR: $GRPM.JK: possibly delisted; no timezone found
2024-12-09 03:38:42,181 - ERROR: Failed to get ticker 'PPRI.JK' reason: Expecting value: line 1 column 1 (char 0)
2024-12-09 03:38:42,181 - ERROR: $PPRI.JK: possibly delisted; no timezone found
2024-12-09 03:38:42,689 - ERROR: Failed to get ticker 'HUMI.JK' reason: Expecting value: line 1 column 1 (char 0)
2024-12-09 03:38:42,689 - ERROR: $HUMI.JK: possibly delisted; no timezone found
2024-12-09 03:38:43,203 - ERROR: Failed to get ticker 'ARMY.JK' reason: Expecting value: line 1 column 1 (char 0)
2024-12-09 03:38:43,203 - ERROR: $ARMY.JK: possibly delisted; no timezone found
2024-12-09 03:38:43,726 - ERROR: Failed to get ticker 'RELF.JK' reason: Expecting value: line 1 column 1 (char 0)
2024-12-09 03:38:43,726 - ERROR: $RELF.JK: possibly delisted; no timezone found
2024-12-09 03:38:44,382 - ERROR: Failed to get ticker 'MAXI.JK' reason: Expecting value: line 1 column 1 (char 0)
2024-12-09 03:38:44,382 - ERROR: $MAXI.JK: possibly delisted; no timezone found
2024-12-09 03:38:44,913 - ERROR: Failed to get ticker 'MENN.JK' reason: Expecting value: line 1 column 1 (char 0)
2024-12-09 03:38:44,913 - ERROR: $MENN.JK: possibly delisted; no timezone found
2024-12-09 03:38:45,443 - ERROR: Failed to get ticker 'DOOH.JK' reason: Expecting value: line 1 column 1 (char 0)
2024-12-09 03:38:45,443 - ERROR: $DOOH.JK: possibly delisted; no timezone found
2024-12-09 03:38:46,085 - ERROR: Failed to get ticker 'NPGF.JK' reason: Expecting value: line 1 column 1 (char 0)
2024-12-09 03:38:46,086 - ERROR: $NPGF.JK: possibly delisted; no timezone found
2024-12-09 03:38:46,610 - ERROR: Failed to get ticker 'TAYS.JK' reason: Expecting value: line 1 column 1 (char 0)
2024-12-09 03:38:46,611 - ERROR: $TAYS.JK: possibly delisted; no timezone found
2024-12-09 03:38:47,181 - ERROR: Failed to get ticker 'AMMS.JK' reason: Expecting value: line 1 column 1 (char 0)
2024-12-09 03:38:47,182 - ERROR: $AMMS.JK: possibly delisted; no timezone found
2024-12-09 03:38:47,727 - ERROR: Failed to get ticker 'LCGP.JK' reason: Expecting value: line 1 column 1 (char 0)
2024-12-09 03:38:47,728 - ERROR: $LCGP.JK: possibly delisted; no timezone found
2024-12-09 03:38:48,321 - ERROR: Failed to get ticker 'IOTF.JK' reason: Expecting value: line 1 column 1 (char 0)
2024-12-09 03:38:48,322 - ERROR: $IOTF.JK: possibly delisted; no timezone found
2024-12-09 03:38:48,870 - ERROR: Failed to get ticker 'PMMP.JK' reason: Expecting value: line 1 column 1 (char 0)
2024-12-09 03:38:48,870 - ERROR: $PMMP.JK: possibly delisted; no timezone found
2024-12-09 03:38:49,383 - ERROR: Failed to get ticker 'LABA.JK' reason: Expecting value: line 1 column 1 (char 0)
2024-12-09 03:38:49,384 - ERROR: $LABA.JK: possibly delisted; no timezone found
2024-12-09 03:38:49,972 - ERROR: Failed to get ticker 'TRIL.JK' reason: Expecting value: line 1 column 1 (char 0)
2024-12-09 03:38:49,972 - ERROR: $TRIL.JK: possibly delisted; no timezone found
2024-12-09 03:38:50,506 - ERROR: Failed to get ticker 'BESS.JK' reason: Expecting value: line 1 column 1 (char 0)
2024-12-09 03:38:50,506 - ERROR: $BESS.JK: possibly delisted; no timezone found
2024-12-09 03:38:51,044 - ERROR: Failed to get ticker 'GTRA.JK' reason: Expecting value: line 1 column 1 (char 0)
2024-12-09 03:38:51,044 - ERROR: $GTRA.JK: possibly delisted; no timezone found
2024-12-09 03:38:51,659 - ERROR: Failed to get ticker 'TOYS.JK' reason: Expecting value: line 1 column 1 (char 0)
2024-12-09 03:38:51,659 - ERROR: $TOYS.JK: possibly delisted; no timezone found
2024-12-09 03:38:52,312 - ERROR: Failed to get ticker 'ELIT.JK' reason: Expecting value: line 1 column 1 (char 0)
2024-12-09 03:38:52,313 - ERROR: $ELIT.JK: possibly delisted; no timezone found
2024-12-09 03:38:52,858 - ERROR: Failed to get ticker 'CRSN.JK' reason: Expecting value: line 1 column 1 (char 0)
2024-12-09 03:38:52,859 - ERROR: $CRSN.JK: possibly delisted; no timezone found
2024-12-09 03:38:53,447 - ERROR: Failed to get ticker 'AEGS.JK' reason: Expecting value: line 1 column 1 (char 0)
2024-12-09 03:38:53,447 - ERROR: $AEGS.JK: possibly delisted; no timezone found
2024-12-09 03:38:53,995 - ERROR: Failed to get ticker 'SICO.JK' reason: Expecting value: line 1 column 1 (char 0)
2024-12-09 03:38:53,996 - ERROR: $SICO.JK: possibly delisted; no timezone found
2024-12-09 03:38:54,509 - ERROR: Failed to get ticker 'FOLK.JK' reason: Expecting value: line 1 column 1 (char 0)
2024-12-09 03:38:54,510 - ERROR: $FOLK.JK: possibly delisted; no timezone found
2024-12-09 03:38:55,066 - ERROR: Failed to get ticker 'WINR.JK' reason: Expecting value: line 1 column 1 (char 0)
2024-12-09 03:38:55,066 - ERROR: $WINR.JK: possibly delisted; no timezone found
2024-12-09 03:38:55,631 - ERROR: Failed to get ticker 'GRIA.JK' reason: Expecting value: line 1 column 1 (char 0)
2024-12-09 03:38:55,631 - ERROR: $GRIA.JK: possibly delisted; no timezone found
2024-12-09 03:38:56,227 - ERROR: Failed to get ticker 'GULA.JK' reason: Expecting value: line 1 column 1 (char 0)
2024-12-09 03:38:56,227 - ERROR: $GULA.JK: possibly delisted; no timezone found
2024-12-09 03:38:56,894 - ERROR: Failed to get ticker 'STRK.JK' reason: Expecting value: line 1 column 1 (char 0)
2024-12-09 03:38:56,895 - ERROR: $STRK.JK: possibly delisted; no timezone found
2024-12-09 03:38:57,422 - ERROR: Failed to get ticker 'WIDI.JK' reason: Expecting value: line 1 column 1 (char 0)
2024-12-09 03:38:57,423 - ERROR: $WIDI.JK: possibly delisted; no timezone found
2024-12-09 03:38:58,091 - ERROR: Failed to get ticker 'MSIE.JK' reason: Expecting value: line 1 column 1 (char 0)
2024-12-09 03:38:58,092 - ERROR: $MSIE.JK: possibly delisted; no timezone found
2024-12-09 03:38:58,631 - ERROR: Failed to get ticker 'PADA.JK' reason: Expecting value: line 1 column 1 (char 0)
2024-12-09 03:38:58,632 - ERROR: $PADA.JK: possibly delisted; no timezone found
2024-12-09 03:38:59,229 - ERROR: Failed to get ticker 'CYBR.JK' reason: Expecting value: line 1 column 1 (char 0)
2024-12-09 03:38:59,230 - ERROR: $CYBR.JK: possibly delisted; no timezone found
2024-12-09 03:39:00,018 - ERROR: Failed to get ticker 'PTPS.JK' reason: Expecting value: line 1 column 1 (char 0)
2024-12-09 03:39:00,018 - ERROR: $PTPS.JK: possibly delisted; no timezone found
2024-12-09 03:41:36,088 - INFO: 684 data are updated on 2024-12-09, the stocks are [{"date":"2024-09-18","price":194,"type":"90_d_high","symbol":"NETV.JK"},{"date":"2024-08-06","price":236,"type":"52_w_low","symbol":"GOLD.JK"},{"date":"2023-12-12","price":50,"type":"52_w_low","symbol":"KIOS.JK"},{"date":"2024-09-11","price":50,"type":"90_d_low","symbol":"KIOS.JK"},{"date":"2024-09-11","price":1290,"type":"90_d_low","symbol":"HEAL.JK"},{"date":"2023-12-12","price":436,"type":"52_w_high","symbol":"KRAH.JK"},{"date":"2023-12-12","price":436,"type":"52_w_low","symbol":"KRAH.JK"},{"date":"2024-09-11","price":436,"type":"90_d_high","symbol":"KRAH.JK"},{"date":"2024-09-11","price":436,"type":"90_d_low","symbol":"KRAH.JK"},{"date":"2023-12-12","price":472,"type":"52_w_high","symbol":"DPNS.JK"},{"date":"2024-12-09","price":5725,"type":"all_time_high","symbol":"DAAZ.JK"},{"date":"2024-12-09","price":5725,"type":"52_w_high","symbol":"DAAZ.JK"},{"date":"2024-12-09","price":5725,"type":"90_d_high","symbol":"DAAZ.JK"},{"date":"2024-12-09","price":5725,"type":"ytd_high","symbol":"DAAZ.JK"},{"date":"2023-12-12","price":50,"type":"52_w_high","symbol":"IPPE.JK"},{"date":"2024-09-11","price":14,"type":"90_d_high","symbol":"IPPE.JK"},{"date":"2024-09-11","price":14,"type":"90_d_low","symbol":"IPPE.JK"},{"date":"2024-09-18","price":1830,"type":"90_d_low","symbol":"SFAN.JK"},{"date":"2022-03-16","price":919,"type":"all_time_high","symbol":"SIDO.JK"},{"date":"2023-12-12","price":50,"type":"52_w_high","symbol":"INTA.JK"},{"date":"2024-09-11","price":70,"type":"90_d_high","symbol":"ETWA.JK"},{"date":"2024-09-11","price":70,"type":"90_d_low","symbol":"ETWA.JK"},{"date":"2024-09-11","price":50,"type":"90_d_high","symbol":"ASLI.JK"},{"date":"2024-09-11","price":50,"type":"90_d_low","symbol":"ASLI.JK"},{"date":"2023-12-12","price":50,"type":"52_w_low","symbol":"KOKA.JK"},{"date":"2024-09-19","price":71,"type":"90_d_high","symbol":"KOKA.JK"},{"date":"2024-10-02","price":248,"type":"90_d_low","symbol":"ERAL.JK"},{"date":"2023-12-12","price":50,"type":"52_w_high","symbol":"ASHA.JK"},{"date":"2024-09-18","price":16,"type":"90_d_high","symbol":"ASHA.JK"},{"date":"2024-09-11","price":3830,"type":"90_d_high","symbol":"MERK.JK"},{"date":"2024-08-29","price":17859,"type":"all_time_high","symbol":"GEMS.JK"},{"date":"2015-08-06","price":505,"type":"all_time_low","symbol":"GEMS.JK"},{"date":"2024-08-29","price":17859,"type":"52_w_high","symbol":"GEMS.JK"},{"date":"2023-12-14","price":4709,"type":"52_w_low","symbol":"GEMS.JK"},{"date":"2024-09-12","price":13980,"type":"90_d_high","symbol":"GEMS.JK"},{"date":"2024-11-19","price":9679,"type":"90_d_low","symbol":"GEMS.JK"},{"date":"2024-08-29","price":17859,"type":"ytd_high","symbol":"GEMS.JK"},{"date":"2024-03-04","price":4881,"type":"ytd_low","symbol":"GEMS.JK"},{"date":"2006-02-27","price":6,"type":"all_time_low","symbol":"MFIN.JK"},{"date":"2024-09-11","price":113,"type":"90_d_low","symbol":"BUKA.JK"},{"date":"2024-09-11","price":50,"type":"90_d_low","symbol":"MDLN.JK"},{"date":"2023-12-12","price":24,"type":"52_w_high","symbol":"DIGI.JK"},{"date":"2024-09-13","price":11325,"type":"90_d_low","symbol":"ICBP.JK"},{"date":"2023-12-12","price":380,"type":"52_w_high","symbol":"ROCK.JK"},{"date":"2024-12-09","price":386,"type":"all_time_high","symbol":"PACK.JK"},{"date":"2024-12-09","price":386,"type":"52_w_high","symbol":"PACK.JK"},{"date":"2024-12-09","price":386,"type":"90_d_high","symbol":"PACK.JK"},{"date":"2024-12-09","price":386,"type":"ytd_high","symbol":"PACK.JK"},{"date":"2024-09-25","price":108,"type":"90_d_high","symbol":"INDX.JK"},{"date":"2024-09-11","price":1080,"type":"90_d_high","symbol":"MREI.JK"},{"date":"2024-09-12","price":7,"type":"90_d_high","symbol":"HADE.JK"},{"date":"2024-09-11","price":1340,"type":"90_d_low","symbol":"PNBN.JK"},{"date":"2024-09-11","price":370,"type":"90_d_low","symbol":"PKPK.JK"},{"date":"2024-12-09","price":915,"type":"all_time_high","symbol":"RONY.JK"},{"date":"2024-12-09","price":915,"type":"52_w_high","symbol":"RONY.JK"},{"date":"2024-12-09","price":915,"type":"90_d_high","symbol":"RONY.JK"},{"date":"2024-09-11","price":125,"type":"90_d_low","symbol":"RONY.JK"},{"date":"2024-12-09","price":915,"type":"ytd_high","symbol":"RONY.JK"},{"date":"2021-11-22","price":845,"type":"all_time_high","symbol":"MTEL.JK"},{"date":"2024-05-03","price":535,"type":"all_time_low","symbol":"MTEL.JK"},{"date":"2023-12-27","price":744,"type":"52_w_high","symbol":"MTEL.JK"},{"date":"2024-05-03","price":535,"type":"52_w_low","symbol":"MTEL.JK"},{"date":"2024-07-08","price":700,"type":"ytd_high","symbol":"MTEL.JK"},{"date":"2024-05-03","price":535,"type":"ytd_low","symbol":"MTEL.JK"},{"date":"2024-12-09","price":1600,"type":"90_d_low","symbol":"GHON.JK"},{"date":"2023-12-12","price":535,"type":"52_w_high","symbol":"SSTM.JK"},{"date":"2023-12-12","price":50,"type":"52_w_low","symbol":"CPRO.JK"},{"date":"2024-09-11","price":50,"type":"90_d_low","symbol":"CPRO.JK"},{"date":"2024-09-30","price":252,"type":"90_d_low","symbol":"WIFI.JK"},{"date":"2024-11-05","price":1080,"type":"90_d_high","symbol":"PORT.JK"},{"date":"2024-09-19","price":125,"type":"90_d_high","symbol":"ACST.JK"},{"date":"2023-12-12","price":5800,"type":"52_w_high","symbol":"ABDA.JK"},{"date":"2024-09-26","price":4060,"type":"90_d_high","symbol":"ABDA.JK"},{"date":"2024-09-11","price":4050,"type":"90_d_low","symbol":"ABDA.JK"},{"date":"2023-12-12","price":50,"type":"52_w_high","symbol":"MDIA.JK"},{"date":"2024-09-11","price":10,"type":"90_d_high","symbol":"MDIA.JK"},{"date":"2024-09-11","price":10,"type":"90_d_low","symbol":"MDIA.JK"},{"date":"2023-12-12","price":122,"type":"52_w_low","symbol":"CNTX.JK"},{"date":"2024-09-11","price":142,"type":"90_d_high","symbol":"CNTX.JK"},{"date":"2024-09-11","price":142,"type":"90_d_low","symbol":"CNTX.JK"},{"date":"2023-12-12","price":50,"type":"52_w_high","symbol":"POLY.JK"},{"date":"2023-12-12","price":50,"type":"52_w_high","symbol":"MAMI.JK"},{"date":"2023-12-12","price":50,"type":"52_w_low","symbol":"MAMI.JK"},{"date":"2024-09-11","price":50,"type":"90_d_high","symbol":"MAMI.JK"},{"date":"2024-09-11","price":50,"type":"90_d_low","symbol":"MAMI.JK"},{"date":"2024-09-11","price":50,"type":"90_d_high","symbol":"NTBK.JK"},{"date":"2024-09-11","price":50,"type":"90_d_low","symbol":"NTBK.JK"},{"date":"2023-12-13","price":5422,"type":"52_w_low","symbol":"BMRI.JK"},{"date":"2024-10-16","price":540,"type":"90_d_high","symbol":"MICE.JK"},{"date":"2002-11-22","price":47,"type":"all_time_low","symbol":"PICO.JK"},{"date":"2024-09-20","price":530,"type":"90_d_high","symbol":"ALKA.JK"},{"date":"2023-12-12","price":50,"type":"52_w_high","symbol":"VIVA.JK"},{"date":"2024-09-11","price":6,"type":"90_d_high","symbol":"VIVA.JK"},{"date":"2024-09-11","price":6,"type":"90_d_low","symbol":"VIVA.JK"},{"date":"2024-09-11","price":53,"type":"90_d_high","symbol":"SRSN.JK"},{"date":"2024-01-08","price":308,"type":"52_w_high","symbol":"ITIC.JK"},{"date":"2024-11-11","price":250,"type":"90_d_low","symbol":"ITIC.JK"},{"date":"2023-12-12","price":390,"type":"52_w_low","symbol":"PNSE.JK"},{"date":"2024-09-11","price":452,"type":"90_d_low","symbol":"PNSE.JK"},{"date":"2023-12-12","price":50,"type":"52_w_high","symbol":"LMAS.JK"},{"date":"2023-12-12","price":50,"type":"52_w_low","symbol":"LMAS.JK"},{"date":"2024-09-11","price":50,"type":"90_d_high","symbol":"LMAS.JK"},{"date":"2024-09-11","price":50,"type":"90_d_low","symbol":"LMAS.JK"},{"date":"2023-12-12","price":50,"type":"52_w_high","symbol":"KBRI.JK"},{"date":"2023-12-12","price":50,"type":"52_w_low","symbol":"KBRI.JK"},{"date":"2024-09-11","price":50,"type":"90_d_high","symbol":"KBRI.JK"},{"date":"2024-09-11","price":50,"type":"90_d_low","symbol":"KBRI.JK"},{"date":"2024-09-11","price":456,"type":"90_d_high","symbol":"WIKA.JK"},{"date":"2024-11-04","price":57,"type":"90_d_high","symbol":"TGUK.JK"},{"date":"2023-12-12","price":53,"type":"52_w_high","symbol":"PCAR.JK"},{"date":"2023-12-12","price":50,"type":"52_w_low","symbol":"PCAR.JK"},{"date":"2024-09-11","price":50,"type":"90_d_high","symbol":"PCAR.JK"},{"date":"2024-09-11","price":50,"type":"90_d_low","symbol":"PCAR.JK"},{"date":"2024-09-11","price":8,"type":"90_d_low","symbol":"PADI.JK"},{"date":"2024-05-06","price":141,"type":"ytd_low","symbol":"BOBA.JK"},{"date":"2024-12-09","price":790,"type":"all_time_high","symbol":"DATA.JK"},{"date":"2024-12-09","price":790,"type":"52_w_high","symbol":"DATA.JK"},{"date":"2024-12-09","price":790,"type":"90_d_high","symbol":"DATA.JK"},{"date":"2024-11-11","price":555,"type":"90_d_low","symbol":"DATA.JK"},{"date":"2024-12-09","price":790,"type":"ytd_high","symbol":"DATA.JK"},{"date":"2024-09-11","price":8825,"type":"90_d_low","symbol":"PANI.JK"},{"date":"2002-10-07","price":12,"type":"all_time_low","symbol":"BUMI.JK"},{"date":"2023-12-12","price":50,"type":"52_w_high","symbol":"ZINC.JK"},{"date":"2024-12-09","price":20,"type":"90_d_high","symbol":"ZINC.JK"},{"date":"2023-12-12","price":51,"type":"52_w_high","symbol":"BOSS.JK"},{"date":"2023-12-12","price":50,"type":"52_w_low","symbol":"BOSS.JK"},{"date":"2024-09-11","price":50,"type":"90_d_high","symbol":"BOSS.JK"},{"date":"2024-09-11","price":50,"type":"90_d_low","symbol":"BOSS.JK"},{"date":"2023-12-12","price":50,"type":"52_w_high","symbol":"ALTO.JK"},{"date":"2024-09-11","price":20,"type":"90_d_high","symbol":"ALTO.JK"},{"date":"2024-09-11","price":226,"type":"90_d_high","symbol":"LRNA.JK"},{"date":"2024-01-24","price":187,"type":"52_w_high","symbol":"VINS.JK"},{"date":"2024-09-11","price":131,"type":"90_d_high","symbol":"VINS.JK"},{"date":"2013-07-22","price":1513,"type":"all_time_high","symbol":"FAST.JK"},{"date":"2024-09-12","price":134,"type":"90_d_low","symbol":"PYFA.JK"},{"date":"2024-12-09","price":268,"type":"90_d_high","symbol":"VTNY.JK"},{"date":"2024-09-11","price":116,"type":"90_d_low","symbol":"VTNY.JK"},{"date":"2024-09-11","price":62,"type":"90_d_low","symbol":"BIPI.JK"},{"date":"2023-12-12","price":50,"type":"52_w_high","symbol":"CBRE.JK"},{"date":"2024-09-17","price":24,"type":"90_d_high","symbol":"CBRE.JK"},{"date":"2002-04-03","price":78,"type":"all_time_low","symbol":"FISH.JK"},{"date":"2023-12-12","price":5146,"type":"52_w_low","symbol":"FISH.JK"},{"date":"2024-09-11","price":28,"type":"90_d_low","symbol":"HBAT.JK"},{"date":"2024-09-11","price":670,"type":"90_d_high","symbol":"PJAA.JK"},{"date":"2024-09-11","price":69,"type":"90_d_low","symbol":"SMLE.JK"},{"date":"2023-12-12","price":60,"type":"52_w_high","symbol":"JKSW.JK"},{"date":"2023-12-12","price":60,"type":"52_w_low","symbol":"JKSW.JK"},{"date":"2024-09-11","price":60,"type":"90_d_high","symbol":"JKSW.JK"},{"date":"2024-09-11","price":60,"type":"90_d_low","symbol":"JKSW.JK"},{"date":"2024-11-04","price":216,"type":"90_d_low","symbol":"FMII.JK"},{"date":"2024-12-09","price":4950,"type":"52_w_high","symbol":"DUTI.JK"},{"date":"2024-12-09","price":4950,"type":"90_d_high","symbol":"DUTI.JK"},{"date":"2024-09-11","price":3900,"type":"90_d_low","symbol":"DUTI.JK"},{"date":"2024-12-09","price":4950,"type":"ytd_high","symbol":"DUTI.JK"},{"date":"2023-12-12","price":50,"type":"52_w_high","symbol":"ZATA.JK"},{"date":"2024-09-11","price":11,"type":"90_d_high","symbol":"ZATA.JK"},{"date":"2023-12-13","price":462,"type":"52_w_high","symbol":"ZBRA.JK"},{"date":"2024-09-20","price":570,"type":"90_d_high","symbol":"RANC.JK"},{"date":"2024-10-21","price":490,"type":"90_d_high","symbol":"PTPP.JK"},{"date":"2024-09-11","price":200,"type":"90_d_low","symbol":"PTIS.JK"},{"date":"2024-09-11","price":126,"type":"90_d_high","symbol":"INAF.JK"},{"date":"2024-09-11","price":126,"type":"90_d_low","symbol":"INAF.JK"},{"date":"2024-09-11","price":660,"type":"90_d_low","symbol":"ARNA.JK"},{"date":"2024-09-11","price":238,"type":"90_d_high","symbol":"GOLF.JK"},{"date":"2024-10-03","price":216,"type":"90_d_high","symbol":"IMJS.JK"},{"date":"2024-02-07","price":50,"type":"52_w_low","symbol":"KRYA.JK"},{"date":"2024-09-11","price":59,"type":"90_d_high","symbol":"KRYA.JK"},{"date":"2023-12-13","price":188,"type":"52_w_low","symbol":"HAIS.JK"},{"date":"2024-09-17","price":3570,"type":"90_d_high","symbol":"INDR.JK"},{"date":"2024-09-11","price":28,"type":"90_d_high","symbol":"KIAS.JK"},{"date":"2024-12-09","price":20,"type":"90_d_low","symbol":"KIAS.JK"},{"date":"2023-12-12","price":50,"type":"52_w_high","symbol":"PIPA.JK"},{"date":"2024-09-11","price":11,"type":"90_d_high","symbol":"PIPA.JK"},{"date":"2024-09-24","price":669,"type":"90_d_high","symbol":"TEBE.JK"},{"date":"2024-05-14","price":131,"type":"52_w_low","symbol":"NICL.JK"},{"date":"2024-11-11","price":251,"type":"90_d_low","symbol":"NICL.JK"},{"date":"2024-05-14","price":131,"type":"ytd_low","symbol":"NICL.JK"},{"date":"2023-12-13","price":1825,"type":"52_w_high","symbol":"BRPT.JK"},{"date":"2024-09-11","price":50,"type":"90_d_low","symbol":"BCIP.JK"},{"date":"2024-09-11","price":50,"type":"90_d_high","symbol":"ATLA.JK"},{"date":"2024-09-11","price":50,"type":"90_d_low","symbol":"ATLA.JK"},{"date":"2024-10-07","price":15,"type":"90_d_low","symbol":"SOUL.JK"},{"date":"2024-03-14","price":375,"type":"52_w_high","symbol":"BMHS.JK"},{"date":"2024-09-26","price":310,"type":"90_d_high","symbol":"BMHS.JK"},{"date":"2002-12-04","price":29,"type":"all_time_low","symbol":"RICY.JK"},{"date":"2024-09-11","price":50,"type":"90_d_low","symbol":"GRPH.JK"},{"date":"2024-09-12","price":238,"type":"90_d_high","symbol":"OBMD.JK"},{"date":"2023-12-12","price":52,"type":"52_w_high","symbol":"COAL.JK"},{"date":"2024-09-13","price":75,"type":"90_d_low","symbol":"DNAR.JK"},{"date":"2023-12-12","price":50,"type":"52_w_high","symbol":"ANDI.JK"},{"date":"2024-09-11","price":9,"type":"90_d_high","symbol":"ANDI.JK"},{"date":"2023-12-12","price":15,"type":"52_w_high","symbol":"ARTI.JK"},{"date":"2024-09-11","price":2,"type":"90_d_high","symbol":"ARTI.JK"},{"date":"2024-09-11","price":2,"type":"90_d_low","symbol":"ARTI.JK"},{"date":"2024-12-09","price":20000,"type":"52_w_high","symbol":"BYAN.JK"},{"date":"2024-12-09","price":20000,"type":"90_d_high","symbol":"BYAN.JK"},{"date":"2024-09-24","price":16300,"type":"90_d_low","symbol":"BYAN.JK"},{"date":"2024-12-09","price":20000,"type":"ytd_high","symbol":"BYAN.JK"},{"date":"2023-12-12","price":316,"type":"52_w_high","symbol":"UNIT.JK"},{"date":"2023-12-12","price":316,"type":"52_w_low","symbol":"UNIT.JK"},{"date":"2024-09-11","price":316,"type":"90_d_high","symbol":"UNIT.JK"},{"date":"2024-09-11","price":316,"type":"90_d_low","symbol":"UNIT.JK"},{"date":"2024-09-11","price":560,"type":"90_d_low","symbol":"SNLK.JK"},{"date":"2024-09-19","price":50,"type":"90_d_low","symbol":"AYLS.JK"},{"date":"2013-04-05","price":3346,"type":"all_time_high","symbol":"SMCB.JK"},{"date":"2024-09-11","price":830,"type":"90_d_high","symbol":"SMCB.JK"},{"date":"2024-09-11","price":62,"type":"90_d_low","symbol":"FLMC.JK"},{"date":"2023-12-12","price":50,"type":"52_w_high","symbol":"POOL.JK"},{"date":"2023-12-12","price":50,"type":"52_w_low","symbol":"POOL.JK"},{"date":"2024-09-11","price":50,"type":"90_d_high","symbol":"POOL.JK"},{"date":"2024-09-11","price":50,"type":"90_d_low","symbol":"POOL.JK"},{"date":"2024-09-11","price":12,"type":"90_d_high","symbol":"EPAC.JK"},{"date":"2023-12-13","price":344,"type":"52_w_low","symbol":"WINS.JK"},{"date":"2024-09-12","price":354,"type":"90_d_low","symbol":"ALII.JK"},{"date":"2023-12-12","price":18,"type":"52_w_high","symbol":"GAMA.JK"},{"date":"2023-12-12","price":18,"type":"52_w_low","symbol":"GAMA.JK"},{"date":"2024-09-11","price":18,"type":"90_d_high","symbol":"GAMA.JK"},{"date":"2024-09-11","price":18,"type":"90_d_low","symbol":"GAMA.JK"},{"date":"2023-12-12","price":50,"type":"52_w_high","symbol":"MAGP.JK"},{"date":"2023-12-12","price":50,"type":"52_w_low","symbol":"MAGP.JK"},{"date":"2024-09-11","price":50,"type":"90_d_high","symbol":"MAGP.JK"},{"date":"2024-09-11","price":50,"type":"90_d_low","symbol":"MAGP.JK"},{"date":"2023-12-12","price":50,"type":"52_w_high","symbol":"ESIP.JK"},{"date":"2024-09-11","price":35,"type":"90_d_high","symbol":"ESIP.JK"},{"date":"2024-09-24","price":103,"type":"90_d_high","symbol":"JKON.JK"},{"date":"2024-09-11","price":392,"type":"90_d_high","symbol":"MKAP.JK"},{"date":"2024-09-24","price":850,"type":"90_d_high","symbol":"BSIM.JK"},{"date":"2023-12-12","price":50,"type":"52_w_high","symbol":"INCF.JK"},{"date":"2024-09-11","price":28,"type":"90_d_high","symbol":"INCF.JK"},{"date":"2023-12-12","price":4320,"type":"52_w_high","symbol":"PTSP.JK"},{"date":"2024-12-09","price":845,"type":"90_d_low","symbol":"PTSP.JK"},{"date":"2019-04-12","price":7335,"type":"all_time_high","symbol":"BDMN.JK"},{"date":"2014-10-01","price":5611,"type":"all_time_high","symbol":"LINK.JK"},{"date":"2024-09-11","price":2260,"type":"90_d_high","symbol":"LINK.JK"},{"date":"2023-12-12","price":50,"type":"52_w_high","symbol":"COWL.JK"},{"date":"2023-12-12","price":50,"type":"52_w_low","symbol":"COWL.JK"},{"date":"2024-09-11","price":50,"type":"90_d_high","symbol":"COWL.JK"},{"date":"2024-09-11","price":50,"type":"90_d_low","symbol":"COWL.JK"},{"date":"2023-12-12","price":51,"type":"52_w_high","symbol":"SKYB.JK"},{"date":"2023-12-12","price":51,"type":"52_w_low","symbol":"SKYB.JK"},{"date":"2024-09-11","price":51,"type":"90_d_high","symbol":"SKYB.JK"},{"date":"2024-09-11","price":51,"type":"90_d_low","symbol":"SKYB.JK"},{"date":"2024-09-11","price":370,"type":"90_d_high","symbol":"MLIA.JK"},{"date":"2024-09-11","price":10,"type":"90_d_high","symbol":"MIRA.JK"},{"date":"2023-12-12","price":710,"type":"52_w_high","symbol":"TBLA.JK"},{"date":"2019-04-11","price":19,"type":"all_time_low","symbol":"MSIN.JK"},{"date":"2024-09-11","price":1600,"type":"90_d_high","symbol":"MSIN.JK"},{"date":"2023-12-12","price":65,"type":"52_w_high","symbol":"ABBA.JK"},{"date":"2023-12-12","price":130,"type":"52_w_low","symbol":"BACA.JK"},{"date":"2024-09-11","price":130,"type":"90_d_low","symbol":"BACA.JK"},{"date":"2024-09-11","price":575,"type":"90_d_high","symbol":"TIFA.JK"},{"date":"2024-09-11","price":133,"type":"90_d_high","symbol":"BEST.JK"},{"date":"2024-12-09","price":895,"type":"90_d_low","symbol":"PTPW.JK"},{"date":"2024-09-24","price":159,"type":"90_d_high","symbol":"PART.JK"},{"date":"2024-09-11","price":50,"type":"90_d_low","symbol":"SOLA.JK"},{"date":"2024-09-11","price":120,"type":"90_d_high","symbol":"AMAN.JK"},{"date":"2023-12-12","price":50,"type":"52_w_low","symbol":"LEAD.JK"},{"date":"2024-09-11","price":91,"type":"90_d_low","symbol":"LEAD.JK"},{"date":"2024-01-12","price":66,"type":"52_w_high","symbol":"CENT.JK"},{"date":"2023-12-12","price":50,"type":"52_w_low","symbol":"MARI.JK"},{"date":"2024-09-11","price":50,"type":"90_d_low","symbol":"MARI.JK"},{"date":"2024-10-28","price":358,"type":"90_d_high","symbol":"AMAG.JK"},{"date":"2024-09-11","price":1005,"type":"90_d_high","symbol":"BJBR.JK"},{"date":"2024-09-11","price":15,"type":"90_d_low","symbol":"SWAT.JK"},{"date":"2024-09-11","price":6200,"type":"90_d_high","symbol":"MASA.JK"},{"date":"2024-09-11","price":6200,"type":"90_d_low","symbol":"MASA.JK"},{"date":"2024-09-11","price":8,"type":"90_d_high","symbol":"MDRN.JK"},{"date":"2024-09-11","price":713,"type":"90_d_low","symbol":"TAPG.JK"},{"date":"2024-09-11","price":1315,"type":"90_d_high","symbol":"BSDE.JK"},{"date":"2024-09-11","price":50,"type":"90_d_high","symbol":"LAJU.JK"},{"date":"2024-09-11","price":50,"type":"90_d_low","symbol":"LAJU.JK"},{"date":"2024-09-11","price":135,"type":"90_d_low","symbol":"MITI.JK"},{"date":"2024-09-11","price":80,"type":"90_d_high","symbol":"MPIX.JK"},{"date":"2024-03-26","price":50,"type":"52_w_low","symbol":"OPMS.JK"},{"date":"2024-09-27","price":21,"type":"90_d_low","symbol":"PLAN.JK"},{"date":"2024-09-11","price":49,"type":"90_d_high","symbol":"RODA.JK"},{"date":"2023-06-19","price":103,"type":"all_time_low","symbol":"BINO.JK"},{"date":"2024-11-22","price":278,"type":"90_d_high","symbol":"BINO.JK"},{"date":"2024-12-09","price":1640,"type":"90_d_high","symbol":"PGAS.JK"},{"date":"2024-12-09","price":90,"type":"52_w_high","symbol":"MGLV.JK"},{"date":"2024-12-09","price":90,"type":"90_d_high","symbol":"MGLV.JK"},{"date":"2024-12-09","price":90,"type":"ytd_high","symbol":"MGLV.JK"},{"date":"2024-09-11","price":326,"type":"90_d_high","symbol":"CAMP.JK"},{"date":"2024-09-18","price":500,"type":"90_d_high","symbol":"RELI.JK"},{"date":"2024-11-07","price":410,"type":"90_d_low","symbol":"RELI.JK"},{"date":"2023-12-12","price":50,"type":"52_w_high","symbol":"POSA.JK"},{"date":"2023-12-12","price":50,"type":"52_w_low","symbol":"POSA.JK"},{"date":"2024-09-11","price":50,"type":"90_d_high","symbol":"POSA.JK"},{"date":"2024-09-11","price":50,"type":"90_d_low","symbol":"POSA.JK"},{"date":"2023-12-12","price":159,"type":"52_w_high","symbol":"OCAP.JK"},{"date":"2023-12-12","price":159,"type":"52_w_low","symbol":"OCAP.JK"},{"date":"2024-09-11","price":159,"type":"90_d_high","symbol":"OCAP.JK"},{"date":"2024-09-11","price":159,"type":"90_d_low","symbol":"OCAP.JK"},{"date":"2024-09-18","price":442,"type":"90_d_high","symbol":"MRAT.JK"},{"date":"2024-09-11","price":106,"type":"90_d_high","symbol":"FITT.JK"},{"date":"2023-12-12","price":50,"type":"52_w_high","symbol":"SAGE.JK"},{"date":"2024-12-09","price":1750,"type":"90_d_high","symbol":"CHIP.JK"},{"date":"2023-12-12","price":282,"type":"52_w_high","symbol":"NIPS.JK"},{"date":"2023-12-12","price":282,"type":"52_w_low","symbol":"NIPS.JK"},{"date":"2024-09-11","price":282,"type":"90_d_high","symbol":"NIPS.JK"},{"date":"2024-09-11","price":282,"type":"90_d_low","symbol":"NIPS.JK"},{"date":"2024-09-19","price":6799,"type":"all_time_high","symbol":"HEXA.JK"},{"date":"2002-10-16","price":7,"type":"all_time_low","symbol":"HEXA.JK"},{"date":"2024-09-19","price":6799,"type":"52_w_high","symbol":"HEXA.JK"},{"date":"2024-09-19","price":6799,"type":"90_d_high","symbol":"HEXA.JK"},{"date":"2024-09-19","price":6799,"type":"ytd_high","symbol":"HEXA.JK"},{"date":"2023-12-12","price":26,"type":"52_w_high","symbol":"MGNA.JK"},{"date":"2024-09-11","price":26,"type":"90_d_high","symbol":"MGNA.JK"},{"date":"2023-12-12","price":50,"type":"52_w_high","symbol":"IIKP.JK"},{"date":"2023-12-12","price":50,"type":"52_w_low","symbol":"IIKP.JK"},{"date":"2024-09-11","price":50,"type":"90_d_high","symbol":"IIKP.JK"},{"date":"2024-09-11","price":50,"type":"90_d_low","symbol":"IIKP.JK"},{"date":"2024-09-11","price":140,"type":"90_d_high","symbol":"NIRO.JK"},{"date":"2018-11-23","price":258,"type":"all_time_low","symbol":"DSNG.JK"},{"date":"2024-09-11","price":795,"type":"90_d_low","symbol":"DSNG.JK"},{"date":"2024-09-19","price":1355,"type":"90_d_high","symbol":"IMAS.JK"},{"date":"2023-12-12","price":50,"type":"52_w_high","symbol":"CNKO.JK"},{"date":"2024-12-09","price":10,"type":"90_d_high","symbol":"CNKO.JK"},{"date":"2024-09-11","price":915,"type":"90_d_low","symbol":"PNIN.JK"},{"date":"2024-09-11","price":970,"type":"90_d_low","symbol":"TINS.JK"},{"date":"2003-04-03","price":67,"type":"all_time_low","symbol":"NISP.JK"},{"date":"2023-12-12","price":1083,"type":"52_w_low","symbol":"NISP.JK"},{"date":"2024-09-30","price":8475,"type":"90_d_high","symbol":"UNIC.JK"},{"date":"2024-12-09","price":28425,"type":"all_time_high","symbol":"UNTR.JK"},{"date":"2024-12-09","price":28425,"type":"52_w_high","symbol":"UNTR.JK"},{"date":"2024-12-09","price":28425,"type":"90_d_high","symbol":"UNTR.JK"},{"date":"2024-12-09","price":28425,"type":"ytd_high","symbol":"UNTR.JK"},{"date":"2024-09-23","price":785,"type":"90_d_high","symbol":"BNBA.JK"},{"date":"2024-09-11","price":270,"type":"90_d_high","symbol":"PDES.JK"},{"date":"2002-10-03","price":59,"type":"all_time_low","symbol":"DLTA.JK"},{"date":"2023-12-12","price":5910,"type":"52_w_low","symbol":"DSSA.JK"},{"date":"2023-12-12","price":50,"type":"52_w_high","symbol":"HDIT.JK"},{"date":"2024-09-12","price":5800,"type":"90_d_low","symbol":"LIFE.JK"},{"date":"2023-12-12","price":444,"type":"52_w_high","symbol":"YPAS.JK"},{"date":"2024-09-12","price":802,"type":"90_d_low","symbol":"ASGR.JK"},{"date":"2024-09-11","price":172,"type":"90_d_low","symbol":"SATU.JK"},{"date":"2001-03-12","price":98,"type":"all_time_low","symbol":"MEDC.JK"},{"date":"2023-12-12","price":50,"type":"52_w_high","symbol":"BTEL.JK"},{"date":"2023-12-12","price":50,"type":"52_w_low","symbol":"BTEL.JK"},{"date":"2024-09-11","price":50,"type":"90_d_high","symbol":"BTEL.JK"},{"date":"2024-09-11","price":50,"type":"90_d_low","symbol":"BTEL.JK"},{"date":"2024-09-11","price":392,"type":"90_d_low","symbol":"PNLF.JK"},{"date":"2023-12-12","price":50,"type":"52_w_high","symbol":"CBMF.JK"},{"date":"2023-12-12","price":50,"type":"52_w_low","symbol":"CBMF.JK"},{"date":"2024-09-11","price":50,"type":"90_d_high","symbol":"CBMF.JK"},{"date":"2024-09-11","price":50,"type":"90_d_low","symbol":"CBMF.JK"},{"date":"2023-12-12","price":22,"type":"52_w_high","symbol":"SBAT.JK"},{"date":"2024-09-11","price":1,"type":"90_d_high","symbol":"SBAT.JK"},{"date":"2024-09-11","price":1,"type":"90_d_low","symbol":"SBAT.JK"},{"date":"2023-12-12","price":50,"type":"52_w_high","symbol":"SUGI.JK"},{"date":"2023-12-12","price":50,"type":"52_w_low","symbol":"SUGI.JK"},{"date":"2024-09-11","price":50,"type":"90_d_high","symbol":"SUGI.JK"},{"date":"2024-09-11","price":50,"type":"90_d_low","symbol":"SUGI.JK"},{"date":"2023-12-13","price":904,"type":"52_w_low","symbol":"JSPT.JK"},{"date":"2004-06-15","price":101,"type":"all_time_low","symbol":"BBCA.JK"},{"date":"2023-12-12","price":176,"type":"52_w_high","symbol":"DUCK.JK"},{"date":"2023-12-12","price":176,"type":"52_w_low","symbol":"DUCK.JK"},{"date":"2024-09-11","price":176,"type":"90_d_high","symbol":"DUCK.JK"},{"date":"2024-09-11","price":176,"type":"90_d_low","symbol":"DUCK.JK"},{"date":"2024-09-11","price":16,"type":"90_d_low","symbol":"NANO.JK"},{"date":"2023-12-12","price":5425,"type":"52_w_high","symbol":"NFCX.JK"},{"date":"2023-12-12","price":50,"type":"52_w_high","symbol":"FORZ.JK"},{"date":"2023-12-12","price":50,"type":"52_w_low","symbol":"FORZ.JK"},{"date":"2024-09-11","price":50,"type":"90_d_high","symbol":"FORZ.JK"},{"date":"2024-09-11","price":50,"type":"90_d_low","symbol":"FORZ.JK"},{"date":"2024-12-09","price":57,"type":"52_w_high","symbol":"MINA.JK"},{"date":"2024-12-09","price":57,"type":"90_d_high","symbol":"MINA.JK"},{"date":"2024-12-09","price":57,"type":"ytd_high","symbol":"MINA.JK"},{"date":"2024-09-11","price":4410,"type":"90_d_high","symbol":"FILM.JK"},{"date":"2020-03-23","price":194,"type":"all_time_low","symbol":"GOOD.JK"},{"date":"2024-09-11","price":370,"type":"90_d_low","symbol":"GOOD.JK"},{"date":"2023-12-12","price":50,"type":"52_w_high","symbol":"ARKA.JK"},{"date":"2023-12-12","price":52,"type":"52_w_high","symbol":"JSKY.JK"},{"date":"2023-12-12","price":52,"type":"52_w_low","symbol":"JSKY.JK"},{"date":"2024-09-11","price":52,"type":"90_d_high","symbol":"JSKY.JK"},{"date":"2024-09-11","price":52,"type":"90_d_low","symbol":"JSKY.JK"},{"date":"2024-09-11","price":9,"type":"90_d_low","symbol":"OLIV.JK"},{"date":"2023-12-12","price":54,"type":"52_w_low","symbol":"FWCT.JK"},{"date":"2024-02-12","price":61,"type":"ytd_low","symbol":"FWCT.JK"},{"date":"2023-12-12","price":50,"type":"52_w_high","symbol":"PLAS.JK"},{"date":"2023-12-12","price":50,"type":"52_w_low","symbol":"PLAS.JK"},{"date":"2024-09-11","price":50,"type":"90_d_high","symbol":"PLAS.JK"},{"date":"2024-09-11","price":50,"type":"90_d_low","symbol":"PLAS.JK"},{"date":"2023-12-12","price":50,"type":"52_w_high","symbol":"BAPI.JK"},{"date":"2024-09-11","price":112,"type":"90_d_high","symbol":"POLL.JK"},{"date":"2024-09-11","price":112,"type":"90_d_low","symbol":"POLL.JK"},{"date":"2003-11-11","price":42,"type":"all_time_low","symbol":"BBRI.JK"},{"date":"2024-12-09","price":210,"type":"52_w_high","symbol":"PSGO.JK"},{"date":"2024-12-09","price":210,"type":"90_d_high","symbol":"PSGO.JK"},{"date":"2024-12-09","price":210,"type":"ytd_high","symbol":"PSGO.JK"},{"date":"2024-09-12","price":10775,"type":"90_d_high","symbol":"AMMN.JK"},{"date":"2023-12-12","price":62,"type":"52_w_high","symbol":"KPAS.JK"},{"date":"2023-12-12","price":62,"type":"52_w_low","symbol":"KPAS.JK"},{"date":"2024-09-11","price":62,"type":"90_d_high","symbol":"KPAS.JK"},{"date":"2024-09-11","price":62,"type":"90_d_low","symbol":"KPAS.JK"},{"date":"2023-12-12","price":50,"type":"52_w_high","symbol":"MABA.JK"},{"date":"2023-12-12","price":50,"type":"52_w_low","symbol":"MABA.JK"},{"date":"2024-09-11","price":50,"type":"90_d_high","symbol":"MABA.JK"},{"date":"2024-09-11","price":50,"type":"90_d_low","symbol":"MABA.JK"},{"date":"2023-12-12","price":50,"type":"52_w_high","symbol":"TRUE.JK"},{"date":"2024-09-11","price":24,"type":"90_d_high","symbol":"TRUE.JK"},{"date":"2024-12-09","price":158,"type":"52_w_high","symbol":"SCMA.JK"},{"date":"2024-12-09","price":158,"type":"90_d_high","symbol":"SCMA.JK"},{"date":"2024-12-09","price":158,"type":"ytd_high","symbol":"SCMA.JK"},{"date":"2024-09-11","price":2630,"type":"90_d_low","symbol":"BRIS.JK"},{"date":"2008-11-06","price":15,"type":"all_time_low","symbol":"AHAP.JK"},{"date":"2024-09-19","price":124,"type":"90_d_high","symbol":"AHAP.JK"},{"date":"2024-12-09","price":59,"type":"90_d_high","symbol":"IATA.JK"},{"date":"2023-12-12","price":50,"type":"52_w_high","symbol":"KOTA.JK"},{"date":"2024-09-11","price":12,"type":"90_d_high","symbol":"KOTA.JK"},{"date":"2023-12-12","price":244,"type":"52_w_high","symbol":"MTRA.JK"},{"date":"2023-12-12","price":244,"type":"52_w_low","symbol":"MTRA.JK"},{"date":"2024-09-11","price":244,"type":"90_d_high","symbol":"MTRA.JK"},{"date":"2024-09-11","price":244,"type":"90_d_low","symbol":"MTRA.JK"},{"date":"2023-12-14","price":97,"type":"52_w_high","symbol":"GOTO.JK"},{"date":"2024-12-09","price":80,"type":"90_d_high","symbol":"GOTO.JK"},{"date":"2024-09-11","price":54,"type":"90_d_low","symbol":"GOTO.JK"},{"date":"2023-12-12","price":50,"type":"52_w_high","symbol":"KBAG.JK"},{"date":"2023-12-12","price":50,"type":"52_w_low","symbol":"ADCP.JK"},{"date":"2024-09-11","price":50,"type":"90_d_low","symbol":"ADCP.JK"},{"date":"2024-09-11","price":650,"type":"90_d_high","symbol":"BIKE.JK"},{"date":"2023-12-12","price":1185,"type":"52_w_high","symbol":"BOGA.JK"},{"date":"2023-12-12","price":50,"type":"52_w_high","symbol":"SDMU.JK"},{"date":"2024-09-18","price":456,"type":"90_d_low","symbol":"TLDN.JK"},{"date":"2024-01-23","price":1354,"type":"ytd_low","symbol":"ADRO.JK"},{"date":"2024-09-11","price":18,"type":"90_d_high","symbol":"KAYU.JK"},{"date":"2024-09-11","price":18,"type":"90_d_low","symbol":"KAYU.JK"},{"date":"2024-03-20","price":76,"type":"52_w_low","symbol":"PPGL.JK"},{"date":"2024-03-20","price":76,"type":"ytd_low","symbol":"PPGL.JK"},{"date":"2024-09-11","price":54,"type":"90_d_high","symbol":"TIRT.JK"},{"date":"2024-09-11","price":50,"type":"90_d_low","symbol":"MPPA.JK"},{"date":"2024-09-11","price":540,"type":"90_d_low","symbol":"BMAS.JK"},{"date":"2023-12-12","price":50,"type":"52_w_high","symbol":"PPRO.JK"},{"date":"2023-12-14","price":1450,"type":"52_w_high","symbol":"DRMA.JK"},{"date":"2024-09-17","price":540,"type":"90_d_high","symbol":"INRU.JK"},{"date":"2024-09-11","price":1105,"type":"90_d_high","symbol":"MTMH.JK"},{"date":"2024-09-11","price":173,"type":"90_d_low","symbol":"FPNI.JK"},{"date":"2024-09-11","price":120,"type":"90_d_high","symbol":"WTON.JK"},{"date":"2024-09-11","price":430,"type":"90_d_high","symbol":"LION.JK"},{"date":"2006-06-15","price":64,"type":"all_time_low","symbol":"TGKA.JK"},{"date":"2024-10-01","price":448,"type":"90_d_low","symbol":"BELI.JK"},{"date":"2023-12-12","price":56,"type":"52_w_high","symbol":"IRSX.JK"},{"date":"2024-12-09","price":30,"type":"90_d_high","symbol":"IRSX.JK"},{"date":"2023-12-13","price":127,"type":"52_w_high","symbol":"PRAS.JK"},{"date":"2024-09-11","price":97,"type":"90_d_high","symbol":"PRAS.JK"},{"date":"2024-09-11","price":97,"type":"90_d_low","symbol":"PRAS.JK"},{"date":"2023-12-12","price":506,"type":"52_w_high","symbol":"WINE.JK"},{"date":"2024-10-31","price":112,"type":"90_d_high","symbol":"MPXL.JK"},{"date":"2023-12-12","price":22,"type":"52_w_high","symbol":"DEAL.JK"},{"date":"2024-09-11","price":6,"type":"90_d_high","symbol":"DEAL.JK"},{"date":"2024-09-11","price":6,"type":"90_d_low","symbol":"DEAL.JK"},{"date":"2023-12-12","price":50,"type":"52_w_high","symbol":"MTFN.JK"},{"date":"2024-09-11","price":20,"type":"90_d_high","symbol":"MTFN.JK"},{"date":"2023-12-12","price":50,"type":"52_w_high","symbol":"AKKU.JK"},{"date":"2024-09-11","price":20,"type":"90_d_high","symbol":"NASA.JK"},{"date":"2024-12-09","price":330,"type":"52_w_low","symbol":"ASRM.JK"},{"date":"2024-12-09","price":330,"type":"90_d_low","symbol":"ASRM.JK"},{"date":"2024-12-09","price":330,"type":"ytd_low","symbol":"ASRM.JK"},{"date":"2024-12-09","price":2380,"type":"52_w_high","symbol":"KONI.JK"},{"date":"2024-12-09","price":2380,"type":"90_d_high","symbol":"KONI.JK"},{"date":"2024-12-09","price":2380,"type":"ytd_high","symbol":"KONI.JK"},{"date":"2023-12-12","price":1455,"type":"52_w_high","symbol":"DEFI.JK"},{"date":"2023-12-12","price":1455,"type":"52_w_low","symbol":"DEFI.JK"},{"date":"2024-09-11","price":1455,"type":"90_d_high","symbol":"DEFI.JK"},{"date":"2024-09-11","price":1455,"type":"90_d_low","symbol":"DEFI.JK"},{"date":"2023-12-12","price":22,"type":"52_w_high","symbol":"TOPS.JK"},{"date":"2024-09-11","price":1,"type":"90_d_high","symbol":"TOPS.JK"},{"date":"2024-09-11","price":1,"type":"90_d_low","symbol":"TOPS.JK"},{"date":"2024-09-17","price":5150,"type":"90_d_high","symbol":"JSMR.JK"},{"date":"2023-12-12","price":50,"type":"52_w_high","symbol":"HKMU.JK"},{"date":"2023-12-12","price":50,"type":"52_w_low","symbol":"HKMU.JK"},{"date":"2024-09-11","price":50,"type":"90_d_high","symbol":"HKMU.JK"},{"date":"2024-09-11","price":50,"type":"90_d_low","symbol":"HKMU.JK"},{"date":"2023-12-12","price":50,"type":"52_w_high","symbol":"HOME.JK"},{"date":"2023-12-12","price":50,"type":"52_w_low","symbol":"HOME.JK"},{"date":"2024-09-11","price":50,"type":"90_d_high","symbol":"HOME.JK"},{"date":"2024-09-11","price":50,"type":"90_d_low","symbol":"HOME.JK"},{"date":"2024-09-11","price":50,"type":"90_d_high","symbol":"STAR.JK"},{"date":"2024-09-11","price":50,"type":"90_d_low","symbol":"STAR.JK"},{"date":"2003-07-04","price":64,"type":"all_time_low","symbol":"CFIN.JK"},{"date":"2023-12-12","price":426,"type":"52_w_high","symbol":"TRIO.JK"},{"date":"2023-12-12","price":426,"type":"52_w_low","symbol":"TRIO.JK"},{"date":"2024-09-11","price":426,"type":"90_d_high","symbol":"TRIO.JK"},{"date":"2024-09-11","price":426,"type":"90_d_low","symbol":"TRIO.JK"},{"date":"2023-12-12","price":51,"type":"52_w_high","symbol":"PURE.JK"},{"date":"2023-12-12","price":51,"type":"52_w_low","symbol":"PURE.JK"},{"date":"2024-09-11","price":51,"type":"90_d_high","symbol":"PURE.JK"},{"date":"2024-09-11","price":51,"type":"90_d_low","symbol":"PURE.JK"},{"date":"2023-12-13","price":169,"type":"52_w_high","symbol":"GZCO.JK"},{"date":"2021-02-15","price":89,"type":"all_time_low","symbol":"TRIS.JK"},{"date":"2023-12-12","price":29000,"type":"52_w_high","symbol":"SCPI.JK"},{"date":"2023-12-12","price":29000,"type":"52_w_low","symbol":"SCPI.JK"},{"date":"2024-09-11","price":29000,"type":"90_d_high","symbol":"SCPI.JK"},{"date":"2024-09-11","price":29000,"type":"90_d_low","symbol":"SCPI.JK"},{"date":"2023-12-12","price":50,"type":"52_w_high","symbol":"BEKS.JK"},{"date":"2024-10-02","price":22,"type":"90_d_low","symbol":"BEKS.JK"},{"date":"2024-03-25","price":2490,"type":"52_w_high","symbol":"BLTZ.JK"},{"date":"2024-09-11","price":1925,"type":"90_d_low","symbol":"BLTZ.JK"},{"date":"2024-09-11","price":452,"type":"90_d_high","symbol":"IKBI.JK"},{"date":"2024-09-11","price":84,"type":"90_d_low","symbol":"WIRG.JK"},{"date":"2024-10-29","price":720,"type":"90_d_high","symbol":"MGRO.JK"},{"date":"2024-09-11","price":380,"type":"90_d_low","symbol":"KOPI.JK"},{"date":"2023-12-12","price":440,"type":"52_w_high","symbol":"LMSH.JK"},{"date":"2009-03-27","price":44,"type":"all_time_low","symbol":"DGIK.JK"},{"date":"2024-12-09","price":78,"type":"52_w_low","symbol":"DGIK.JK"},{"date":"2024-12-09","price":78,"type":"90_d_low","symbol":"DGIK.JK"},{"date":"2024-12-09","price":78,"type":"ytd_low","symbol":"DGIK.JK"},{"date":"2024-10-22","price":236,"type":"90_d_high","symbol":"SMIL.JK"},{"date":"2023-12-12","price":50,"type":"52_w_high","symbol":"CPRI.JK"},{"date":"2023-12-12","price":50,"type":"52_w_low","symbol":"CPRI.JK"},{"date":"2024-09-11","price":50,"type":"90_d_high","symbol":"CPRI.JK"},{"date":"2024-09-11","price":50,"type":"90_d_low","symbol":"CPRI.JK"},{"date":"2024-12-09","price":18,"type":"90_d_low","symbol":"IBFN.JK"},{"date":"2024-09-11","price":74,"type":"90_d_low","symbol":"DEWI.JK"},{"date":"2024-11-11","price":173,"type":"90_d_low","symbol":"KIJA.JK"},{"date":"2024-09-11","price":860,"type":"90_d_low","symbol":"MFMI.JK"},{"date":"2023-03-09","price":691,"type":"all_time_high","symbol":"LPGI.JK"},{"date":"2022-04-04","price":-162,"type":"all_time_low","symbol":"LPGI.JK"},{"date":"2022-12-15","price":226,"type":"all_time_high","symbol":"CHEM.JK"},{"date":"2024-09-11","price":81,"type":"90_d_high","symbol":"CHEM.JK"},{"date":"2023-12-12","price":462,"type":"52_w_high","symbol":"SOTS.JK"},{"date":"2024-09-30","price":272,"type":"90_d_low","symbol":"SOTS.JK"},{"date":"2024-12-09","price":77,"type":"90_d_low","symbol":"SMKM.JK"},{"date":"2024-09-11","price":1550,"type":"90_d_high","symbol":"BISI.JK"},{"date":"2008-10-30","price":17,"type":"all_time_low","symbol":"TOTL.JK"},{"date":"2023-12-12","price":50,"type":"52_w_low","symbol":"DFAM.JK"},{"date":"2024-12-09","price":665,"type":"all_time_high","symbol":"GPSO.JK"},{"date":"2024-12-09","price":665,"type":"52_w_high","symbol":"GPSO.JK"},{"date":"2024-12-09","price":665,"type":"90_d_high","symbol":"GPSO.JK"},{"date":"2024-12-09","price":665,"type":"ytd_high","symbol":"GPSO.JK"},{"date":"2023-12-12","price":585,"type":"52_w_high","symbol":"BHAT.JK"},{"date":"2014-10-03","price":36,"type":"all_time_low","symbol":"BPII.JK"},{"date":"2019-02-20","price":1182,"type":"all_time_high","symbol":"ALDO.JK"},{"date":"2007-12-13","price":129,"type":"all_time_low","symbol":"MYOH.JK"},{"date":"2023-12-12","price":50,"type":"52_w_high","symbol":"GOLL.JK"},{"date":"2023-12-12","price":50,"type":"52_w_low","symbol":"GOLL.JK"},{"date":"2024-09-11","price":50,"type":"90_d_high","symbol":"GOLL.JK"},{"date":"2024-09-11","price":50,"type":"90_d_low","symbol":"GOLL.JK"},{"date":"2024-09-11","price":1340,"type":"90_d_high","symbol":"CBUT.JK"},{"date":"2024-09-11","price":91,"type":"90_d_high","symbol":"BCAP.JK"},{"date":"2023-12-12","price":50,"type":"52_w_high","symbol":"BEBS.JK"},{"date":"2024-09-11","price":8,"type":"90_d_high","symbol":"BEBS.JK"},{"date":"2009-08-27","price":2017,"type":"all_time_high","symbol":"DOID.JK"},{"date":"2023-12-12","price":166,"type":"52_w_high","symbol":"INET.JK"},{"date":"2024-09-20","price":88,"type":"90_d_high","symbol":"INET.JK"},{"date":"2024-09-11","price":1,"type":"90_d_high","symbol":"MKNT.JK"},{"date":"2024-09-11","price":1,"type":"90_d_low","symbol":"MKNT.JK"},{"date":"2024-09-11","price":1370,"type":"90_d_low","symbol":"MPRO.JK"},{"date":"2024-09-11","price":535,"type":"90_d_low","symbol":"SPTO.JK"},{"date":"2023-12-12","price":50,"type":"52_w_high","symbol":"POLA.JK"},{"date":"2024-09-12","price":15,"type":"90_d_high","symbol":"POLA.JK"},{"date":"2024-12-09","price":590,"type":"90_d_high","symbol":"EMTK.JK"},{"date":"2024-09-11","price":390,"type":"90_d_low","symbol":"EMTK.JK"},{"date":"2024-10-08","price":52,"type":"90_d_low","symbol":"FUTR.JK"},{"date":"2024-09-17","price":1030,"type":"90_d_high","symbol":"ENAK.JK"},{"date":"2023-12-20","price":132,"type":"52_w_low","symbol":"IFII.JK"},{"date":"2023-05-12","price":46,"type":"all_time_low","symbol":"KUAS.JK"},{"date":"2024-10-25","price":640,"type":"90_d_high","symbol":"JECC.JK"},{"date":"2024-09-11","price":1170,"type":"90_d_low","symbol":"CLEO.JK"},{"date":"2024-09-11","price":46,"type":"90_d_high","symbol":"BHIT.JK"},{"date":"2024-09-11","price":27000,"type":"90_d_high","symbol":"MKPI.JK"},{"date":"2024-09-11","price":47,"type":"90_d_low","symbol":"CSIS.JK"},{"date":"2024-12-09","price":1045,"type":"90_d_high","symbol":"RISE.JK"},{"date":"2024-12-09","price":1045,"type":"ytd_high","symbol":"RISE.JK"},{"date":"2023-12-12","price":50,"type":"52_w_high","symbol":"IPTV.JK"},{"date":"2024-09-11","price":34,"type":"90_d_high","symbol":"IPTV.JK"},{"date":"2001-03-21","price":27,"type":"all_time_low","symbol":"BRNA.JK"},{"date":"2024-09-17","price":392,"type":"90_d_high","symbol":"ASPI.JK"},{"date":"2023-12-12","price":50,"type":"52_w_high","symbol":"TRAM.JK"},{"date":"2023-12-12","price":50,"type":"52_w_low","symbol":"TRAM.JK"},{"date":"2024-09-11","price":50,"type":"90_d_high","symbol":"TRAM.JK"},{"date":"2024-09-11","price":50,"type":"90_d_low","symbol":"TRAM.JK"},{"date":"2023-12-12","price":50,"type":"52_w_high","symbol":"BIPP.JK"},{"date":"2024-09-12","price":26,"type":"90_d_low","symbol":"BIPP.JK"},{"date":"2023-12-12","price":50,"type":"52_w_high","symbol":"PURA.JK"},{"date":"2024-09-11","price":21,"type":"90_d_high","symbol":"PURA.JK"},{"date":"2024-09-13","price":96,"type":"90_d_low","symbol":"LUCY.JK"},{"date":"2023-12-12","price":50,"type":"52_w_high","symbol":"WMPP.JK"},{"date":"2024-09-11","price":12,"type":"90_d_high","symbol":"WMPP.JK"},{"date":"2024-09-11","price":12,"type":"90_d_low","symbol":"WMPP.JK"},{"date":"2023-12-12","price":22,"type":"52_w_high","symbol":"DADA.JK"},{"date":"2024-09-11","price":9,"type":"90_d_high","symbol":"DADA.JK"},{"date":"2023-12-29","price":260,"type":"52_w_high","symbol":"DIVA.JK"},{"date":"2002-10-15","price":33,"type":"all_time_low","symbol":"SONA.JK"},{"date":"2024-09-11","price":17,"type":"90_d_low","symbol":"KLIN.JK"},{"date":"2024-09-11","price":312,"type":"90_d_high","symbol":"ADHI.JK"},{"date":"2014-03-06","price":3501,"type":"all_time_high","symbol":"MAIN.JK"},{"date":"2023-12-15","price":81,"type":"52_w_high","symbol":"GMFI.JK"},{"date":"2023-12-12","price":466,"type":"52_w_high","symbol":"ARCI.JK"},{"date":"2024-11-29","price":81,"type":"90_d_low","symbol":"BPTR.JK"},{"date":"2013-03-07","price":536,"type":"all_time_high","symbol":"MTLA.JK"},{"date":"2024-09-11","price":5175,"type":"90_d_low","symbol":"CMRY.JK"},{"date":"2023-12-12","price":50,"type":"52_w_high","symbol":"RBMS.JK"},{"date":"2009-01-27","price":11,"type":"all_time_low","symbol":"RAJA.JK"},{"date":"2024-04-16","price":13404,"type":"52_w_low","symbol":"RDTX.JK"},{"date":"2024-12-09","price":14025,"type":"90_d_low","symbol":"RDTX.JK"},{"date":"2024-09-12","price":515,"type":"90_d_low","symbol":"NICK.JK"},{"date":"2019-05-31","price":1826,"type":"all_time_high","symbol":"BALI.JK"},{"date":"2024-12-09","price":488,"type":"52_w_low","symbol":"ASBI.JK"},{"date":"2024-09-11","price":900,"type":"90_d_high","symbol":"ASBI.JK"},{"date":"2024-12-09","price":488,"type":"90_d_low","symbol":"ASBI.JK"},{"date":"2024-12-09","price":488,"type":"ytd_low","symbol":"ASBI.JK"},{"date":"2024-09-11","price":1040,"type":"90_d_high","symbol":"ROTI.JK"},{"date":"2024-09-11","price":55,"type":"90_d_high","symbol":"BIKA.JK"},{"date":"2024-09-11","price":55,"type":"90_d_low","symbol":"BIKA.JK"},{"date":"2020-03-20","price":147,"type":"all_time_low","symbol":"ISAT.JK"},{"date":"2016-08-05","price":913,"type":"all_time_high","symbol":"POWR.JK"},{"date":"2020-03-24","price":326,"type":"all_time_low","symbol":"POWR.JK"},{"date":"2024-12-09","price":710,"type":"52_w_high","symbol":"POWR.JK"},{"date":"2024-06-19","price":581,"type":"52_w_low","symbol":"POWR.JK"},{"date":"2024-12-09","price":710,"type":"90_d_high","symbol":"POWR.JK"},{"date":"2024-09-11","price":653,"type":"90_d_low","symbol":"POWR.JK"},{"date":"2024-12-09","price":710,"type":"ytd_high","symbol":"POWR.JK"},{"date":"2024-06-19","price":581,"type":"ytd_low","symbol":"POWR.JK"},{"date":"2023-12-12","price":50,"type":"52_w_high","symbol":"KREN.JK"},{"date":"2024-09-11","price":9,"type":"90_d_high","symbol":"KREN.JK"},{"date":"2024-09-12","price":4643,"type":"90_d_high","symbol":"BSSR.JK"},{"date":"2024-02-05","price":3176,"type":"ytd_low","symbol":"BSSR.JK"},{"date":"2023-12-12","price":50,"type":"52_w_high","symbol":"TAXI.JK"},{"date":"2023-12-12","price":49,"type":"52_w_low","symbol":"JATI.JK"},{"date":"2024-09-11","price":50,"type":"90_d_low","symbol":"JATI.JK"},{"date":"2024-09-12","price":1835,"type":"90_d_low","symbol":"BIRD.JK"},{"date":"2023-12-12","price":1187,"type":"52_w_low","symbol":"BSWD.JK"},{"date":"2024-09-11","price":3000,"type":"90_d_high","symbol":"BSWD.JK"},{"date":"2024-09-11","price":3000,"type":"90_d_low","symbol":"BSWD.JK"},{"date":"2023-12-12","price":50,"type":"52_w_low","symbol":"MEDS.JK"},{"date":"2024-09-11","price":50,"type":"90_d_high","symbol":"MEDS.JK"},{"date":"2024-09-11","price":50,"type":"90_d_low","symbol":"MEDS.JK"},{"date":"2003-02-28","price":18,"type":"all_time_low","symbol":"PTBA.JK"},{"date":"2024-09-11","price":2650,"type":"90_d_low","symbol":"PTBA.JK"},{"date":"2023-12-12","price":50,"type":"52_w_high","symbol":"JGLE.JK"},{"date":"2024-09-11","price":885,"type":"90_d_high","symbol":"TOWR.JK"},{"date":"2008-10-13","price":45,"type":"all_time_low","symbol":"ASRI.JK"},{"date":"2023-12-12","price":50,"type":"52_w_high","symbol":"KPAL.JK"},{"date":"2023-12-12","price":50,"type":"52_w_low","symbol":"KPAL.JK"},{"date":"2024-09-11","price":50,"type":"90_d_high","symbol":"KPAL.JK"},{"date":"2024-09-11","price":50,"type":"90_d_low","symbol":"KPAL.JK"},{"date":"2023-12-13","price":301,"type":"52_w_low","symbol":"SUNI.JK"},{"date":"2024-04-01","price":90,"type":"52_w_low","symbol":"BULL.JK"},{"date":"2024-09-11","price":1750,"type":"90_d_high","symbol":"MAPB.JK"},{"date":"2024-09-11","price":9325,"type":"90_d_high","symbol":"TPIA.JK"},{"date":"2023-12-12","price":50,"type":"52_w_high","symbol":"BLTA.JK"},{"date":"2005-09-20","price":0,"type":"all_time_low","symbol":"JTPE.JK"},{"date":"2023-12-20","price":312,"type":"52_w_high","symbol":"JTPE.JK"},{"date":"2023-12-12","price":238,"type":"52_w_high","symbol":"META.JK"},{"date":"2023-12-12","price":238,"type":"52_w_low","symbol":"META.JK"},{"date":"2024-09-11","price":238,"type":"90_d_high","symbol":"META.JK"},{"date":"2024-09-11","price":238,"type":"90_d_low","symbol":"META.JK"},{"date":"2023-12-12","price":119,"type":"52_w_high","symbol":"TDPM.JK"},{"date":"2023-12-12","price":119,"type":"52_w_low","symbol":"TDPM.JK"},{"date":"2024-09-11","price":119,"type":"90_d_high","symbol":"TDPM.JK"},{"date":"2024-09-11","price":119,"type":"90_d_low","symbol":"TDPM.JK"},{"date":"2024-09-13","price":380,"type":"90_d_high","symbol":"ARII.JK"},{"date":"2023-12-12","price":86,"type":"52_w_low","symbol":"PSAB.JK"},{"date":"2024-09-13","price":252,"type":"90_d_low","symbol":"PSAB.JK"},{"date":"2024-09-17","price":456,"type":"90_d_low","symbol":"PANR.JK"},{"date":"2024-11-07","price":680,"type":"90_d_high","symbol":"HERO.JK"},{"date":"2024-09-11","price":75,"type":"90_d_high","symbol":"KOIN.JK"},{"date":"2024-09-11","price":179,"type":"90_d_low","symbol":"BBSS.JK"},{"date":"2023-12-12","price":50,"type":"52_w_high","symbol":"ENVY.JK"},{"date":"2023-12-12","price":50,"type":"52_w_low","symbol":"ENVY.JK"},{"date":"2024-09-11","price":50,"type":"90_d_high","symbol":"ENVY.JK"},{"date":"2024-09-11","price":50,"type":"90_d_low","symbol":"ENVY.JK"},{"date":"2024-09-11","price":11,"type":"90_d_low","symbol":"BMBL.JK"},{"date":"2023-12-12","price":50,"type":"52_w_high","symbol":"SIMA.JK"},{"date":"2023-12-12","price":50,"type":"52_w_low","symbol":"SIMA.JK"},{"date":"2024-09-11","price":50,"type":"90_d_high","symbol":"SIMA.JK"},{"date":"2024-09-11","price":50,"type":"90_d_low","symbol":"SIMA.JK"},{"date":"2023-12-12","price":49,"type":"52_w_high","symbol":"BAUT.JK"},{"date":"2024-09-12","price":20,"type":"90_d_high","symbol":"BAUT.JK"},{"date":"2017-11-02","price":470,"type":"all_time_high","symbol":"PBSA.JK"},{"date":"2024-09-12","price":290,"type":"90_d_low","symbol":"PBSA.JK"},{"date":"2024-10-03","price":81,"type":"90_d_low","symbol":"IPAC.JK"},{"date":"2023-12-12","price":50,"type":"52_w_high","symbol":"RIMO.JK"},{"date":"2023-12-12","price":50,"type":"52_w_low","symbol":"RIMO.JK"},{"date":"2024-09-11","price":50,"type":"90_d_high","symbol":"RIMO.JK"},{"date":"2024-09-11","price":50,"type":"90_d_low","symbol":"RIMO.JK"},{"date":"2024-09-11","price":454,"type":"90_d_low","symbol":"PBID.JK"},{"date":"2024-12-09","price":1280,"type":"52_w_high","symbol":"BOLT.JK"},{"date":"2024-12-09","price":1280,"type":"90_d_high","symbol":"BOLT.JK"},{"date":"2024-09-12","price":1015,"type":"90_d_low","symbol":"BOLT.JK"},{"date":"2024-12-09","price":1280,"type":"ytd_high","symbol":"BOLT.JK"},{"date":"2024-09-11","price":58,"type":"90_d_low","symbol":"KBLV.JK"},{"date":"2024-10-29","price":84,"type":"90_d_high","symbol":"PPRE.JK"}]
